{"meta": {"format": 3, "version": "7.13.5", "timestamp": "2026-04-26T12:16:17.458309", "branch_coverage": false, "show_contexts": false}, "files": {"src/peachtree/__init__.py": {"executed_lines": [1, 2, 3, 4, 5, 6, 7, 8, 9, 10, 11, 12, 13, 14, 15, 16, 17, 18, 19, 20, 21, 22, 24, 72], "summary": {"covered_lines": 24, "num_statements": 24, "percent_covered": 100.0, "percent_covered_display": "100", "missing_lines": 0, "excluded_lines": 0, "percent_statements_covered": 100.0, "percent_statements_covered_display": "100"}, "missing_lines": [], "excluded_lines": [], "functions": {"": {"executed_lines": [1, 2, 3, 4, 5, 6, 7, 8, 9, 10, 11, 12, 13, 14, 15, 16, 17, 18, 19, 20, 21, 22, 24, 72], "summary": {"covered_lines": 24, "num_statements": 24, "percent_covered": 100.0, "percent_covered_display": "100", "missing_lines": 0, "excluded_lines": 0, "percent_statements_covered": 100.0, "percent_statements_covered_display": "100"}, "missing_lines": [], "excluded_lines": [], "start_line": 1}}, "classes": {"": {"executed_lines": [1, 2, 3, 4, 5, 6, 7, 8, 9, 10, 11, 12, 13, 14, 15, 16, 17, 18, 19, 20, 21, 22, 24, 72], "summary": {"covered_lines": 24, "num_statements": 24, "percent_covered": 100.0, "percent_covered_display": "100", "missing_lines": 0, "excluded_lines": 0, "percent_statements_covered": 100.0, "percent_statements_covered_display": "100"}, "missing_lines": [], "excluded_lines": [], "start_line": 1}}}, "src/peachtree/builder.py": {"executed_lines": [1, 3, 4, 5, 7, 8, 11, 12, 13, 14, 16, 17, 18, 19, 20, 21, 23, 24, 36, 37, 38, 39, 41, 48, 49, 50, 51, 52, 53, 62, 63, 65, 66, 67, 68, 69, 70, 71, 80, 81, 82, 83, 85, 86, 87, 88, 89, 90, 95, 96, 97, 99, 100, 101, 102, 104, 105, 110, 111, 112, 113, 114, 116, 117, 118, 119, 120, 121, 123, 124, 125], "summary": {"covered_lines": 71, "num_statements": 81, "percent_covered": 87.65432098765432, "percent_covered_display": "88", "missing_lines": 10, "excluded_lines": 0, "percent_statements_covered": 87.65432098765432, "percent_statements_covered_display": "88"}, "missing_lines": [22, 84, 92, 93, 94, 103, 106, 107, 108, 122], "excluded_lines": [], "functions": {"DatasetBuilder.__init__": {"executed_lines": [13, 14], "summary": {"covered_lines": 2, "num_statements": 2, "percent_covered": 100.0, "percent_covered_display": "100", "missing_lines": 0, "excluded_lines": 0, "percent_statements_covered": 100.0, "percent_statements_covered_display": "100"}, "missing_lines": [], "excluded_lines": [], "start_line": 12}, "DatasetBuilder.records_from_documents": {"executed_lines": [17, 18, 19, 20, 21, 23, 24, 36, 37, 38, 39], "summary": {"covered_lines": 11, "num_statements": 12, "percent_covered": 91.66666666666667, "percent_covered_display": "92", "missing_lines": 1, "excluded_lines": 0, "percent_statements_covered": 91.66666666666667, "percent_statements_covered_display": "92"}, "missing_lines": [22], "excluded_lines": [], "start_line": 16}, "DatasetBuilder.write_jsonl": {"executed_lines": [48, 49, 50, 51, 52, 53, 62, 63], "summary": {"covered_lines": 8, "num_statements": 8, "percent_covered": 100.0, "percent_covered_display": "100", "missing_lines": 0, "excluded_lines": 0, "percent_statements_covered": 100.0, "percent_statements_covered_display": "100"}, "missing_lines": [], "excluded_lines": [], "start_line": 41}, "DatasetBuilder.audit_jsonl": {"executed_lines": [66, 67, 68, 69, 70, 71], "summary": {"covered_lines": 6, "num_statements": 6, "percent_covered": 100.0, "percent_covered_display": "100", "missing_lines": 0, "excluded_lines": 0, "percent_statements_covered": 100.0, "percent_statements_covered_display": "100"}, "missing_lines": [], "excluded_lines": [], "start_line": 65}, "DatasetBuilder._chunks": {"executed_lines": [82, 83, 85, 86, 87, 88, 89, 90, 95, 96, 97], "summary": {"covered_lines": 11, "num_statements": 15, "percent_covered": 73.33333333333333, "percent_covered_display": "73", "missing_lines": 4, "excluded_lines": 0, "percent_statements_covered": 73.33333333333333, "percent_statements_covered_display": "73"}, "missing_lines": [84, 92, 93, 94], "excluded_lines": [], "start_line": 81}, "DatasetBuilder._instruction_for_path": {"executed_lines": [101, 102, 104, 105], "summary": {"covered_lines": 4, "num_statements": 8, "percent_covered": 50.0, "percent_covered_display": "50", "missing_lines": 4, "excluded_lines": 0, "percent_statements_covered": 50.0, "percent_statements_covered_display": "50"}, "missing_lines": [103, 106, 107, 108], "excluded_lines": [], "start_line": 100}, "DatasetBuilder._output_for_chunk": {"executed_lines": [112, 113, 114], "summary": {"covered_lines": 3, "num_statements": 3, "percent_covered": 100.0, "percent_covered_display": "100", "missing_lines": 0, "excluded_lines": 0, "percent_statements_covered": 100.0, "percent_statements_covered_display": "100"}, "missing_lines": [], "excluded_lines": [], "start_line": 111}, "DatasetBuilder._quality_score": {"executed_lines": [118, 119, 120, 121, 123, 124, 125], "summary": {"covered_lines": 7, "num_statements": 8, "percent_covered": 87.5, "percent_covered_display": "88", "missing_lines": 1, "excluded_lines": 0, "percent_statements_covered": 87.5, "percent_statements_covered_display": "88"}, "missing_lines": [122], "excluded_lines": [], "start_line": 117}, "": {"executed_lines": [1, 3, 4, 5, 7, 8, 11, 12, 16, 41, 65, 80, 81, 99, 100, 110, 111, 116, 117], "summary": {"covered_lines": 19, "num_statements": 19, "percent_covered": 100.0, "percent_covered_display": "100", "missing_lines": 0, "excluded_lines": 0, "percent_statements_covered": 100.0, "percent_statements_covered_display": "100"}, "missing_lines": [], "excluded_lines": [], "start_line": 1}}, "classes": {"DatasetBuilder": {"executed_lines": [13, 14, 17, 18, 19, 20, 21, 23, 24, 36, 37, 38, 39, 48, 49, 50, 51, 52, 53, 62, 63, 66, 67, 68, 69, 70, 71, 82, 83, 85, 86, 87, 88, 89, 90, 95, 96, 97, 101, 102, 104, 105, 112, 113, 114, 118, 119, 120, 121, 123, 124, 125], "summary": {"covered_lines": 52, "num_statements": 62, "percent_covered": 83.87096774193549, "percent_covered_display": "84", "missing_lines": 10, "excluded_lines": 0, "percent_statements_covered": 83.87096774193549, "percent_statements_covered_display": "84"}, "missing_lines": [22, 84, 92, 93, 94, 103, 106, 107, 108, 122], "excluded_lines": [], "start_line": 11}, "": {"executed_lines": [1, 3, 4, 5, 7, 8, 11, 12, 16, 41, 65, 80, 81, 99, 100, 110, 111, 116, 117], "summary": {"covered_lines": 19, "num_statements": 19, "percent_covered": 100.0, "percent_covered_display": "100", "missing_lines": 0, "excluded_lines": 0, "percent_statements_covered": 100.0, "percent_statements_covered_display": "100"}, "missing_lines": [], "excluded_lines": [], "start_line": 1}}}, "src/peachtree/cli.py": {"executed_lines": [1, 3, 4, 5, 7, 8, 9, 10, 11, 12, 13, 14, 15, 16, 17, 18, 19, 20, 21, 22, 23, 24, 25, 26, 27, 28, 29, 32, 33, 34, 35, 38, 39, 42, 43, 44, 45, 46, 47, 48, 51, 52, 53, 54, 55, 56, 59, 60, 61, 62, 63, 64, 65, 68, 69, 70, 73, 74, 82, 86, 87, 88, 89, 92, 97, 98, 99, 102, 103, 104, 105, 106, 107, 112, 113, 114, 115, 116, 119, 120, 125, 126, 127, 128, 131, 132, 135, 136, 137, 140, 141, 142, 145, 146, 151, 152, 165, 166, 170, 171, 172, 175, 176, 177, 178, 179, 182, 183, 184, 185, 189, 190, 191, 192, 193, 198, 199, 201, 202, 205, 206, 207, 208, 209, 210, 213, 214, 217, 218, 219, 220, 221, 231, 232, 233, 234, 235, 236, 240, 241, 247, 248, 249, 254, 257, 258, 261, 262, 263, 264, 270, 273, 274, 277, 278, 284, 285, 286, 303, 304, 307, 308, 313, 314, 315, 319, 320, 321, 322, 323, 324, 325, 333, 336, 337, 343, 346, 347, 350, 351, 356, 357, 363, 366, 367, 370, 371, 372, 381, 382, 383, 389, 390, 391, 392, 393, 395, 398, 399, 402, 403, 404, 405, 406, 407, 408, 409, 410, 411, 412, 415, 416, 417, 421, 422, 424, 427, 428, 431, 432, 433, 441, 444, 447, 448, 454, 455, 456, 471, 473, 476, 477, 480, 481, 492, 502, 503, 504, 507, 508, 511, 512, 513, 514, 516, 527, 536, 537, 538, 539, 542, 543, 546, 547, 548, 550, 551, 552, 553, 554, 555, 557, 558, 559, 560, 561, 562, 564, 565, 566, 567, 568, 569, 570, 572, 573, 574, 575, 577, 578, 579, 580, 581, 582, 583, 584, 586, 587, 588, 589, 590, 591, 593, 594, 595, 596, 597, 598, 599, 601, 602, 603, 604, 605, 606, 608, 609, 610, 611, 612, 613, 615, 616, 618, 619, 620, 621, 622, 623, 624, 625, 627, 628, 629, 630, 632, 633, 634, 635, 636, 637, 638, 639, 641, 642, 643, 644, 645, 646, 647, 648, 650, 651, 652, 653, 655, 656, 657, 658, 659, 660, 661, 662, 663, 664, 665, 666, 668, 669, 670, 671, 672, 673, 674, 676, 677, 678, 679, 680, 681, 682, 683, 684, 685, 687, 688, 689, 690, 691, 692, 693, 694, 695, 696, 698, 699, 700, 701, 702, 703, 704, 705, 706, 707, 708, 710, 711, 712, 713, 714, 715, 716, 717, 718, 719, 720, 722, 723, 724, 725, 726, 727, 728, 729, 731, 732, 733, 734, 735, 736, 737, 738, 740, 741, 742, 743, 744, 745, 746, 747, 748, 750, 751, 752, 753, 754, 755, 756, 757, 758, 759, 761, 762, 763, 764, 765, 766, 767, 768, 769, 770, 771, 772, 773, 774, 775, 776, 777, 779, 780, 781, 782, 783, 784, 785, 786, 787, 788, 789, 790, 791, 792, 793, 794, 795, 796, 797, 798, 800, 801, 802, 803, 804, 805, 806, 807, 808, 809, 810, 811, 812, 813, 814, 815, 816, 817, 818, 819, 820, 822, 823, 825, 828, 829, 830, 833], "summary": {"covered_lines": 506, "num_statements": 542, "percent_covered": 93.35793357933579, "percent_covered_display": "93", "missing_lines": 36, "excluded_lines": 0, "percent_statements_covered": 93.35793357933579, "percent_statements_covered_display": "93"}, "missing_lines": [36, 37, 91, 130, 138, 211, 255, 265, 271, 305, 306, 316, 326, 327, 328, 330, 331, 334, 338, 344, 358, 364, 394, 396, 418, 419, 423, 425, 442, 443, 445, 472, 474, 505, 540, 834], "excluded_lines": [], "functions": {"run_plan": {"executed_lines": [33, 34, 35, 38, 39], "summary": {"covered_lines": 5, "num_statements": 7, "percent_covered": 71.42857142857143, "percent_covered_display": "71", "missing_lines": 2, "excluded_lines": 0, "percent_statements_covered": 71.42857142857143, "percent_statements_covered_display": "71"}, "missing_lines": [36, 37], "excluded_lines": [], "start_line": 32}, "run_ingest_local": {"executed_lines": [43, 44, 45, 46, 47, 48], "summary": {"covered_lines": 6, "num_statements": 6, "percent_covered": 100.0, "percent_covered_display": "100", "missing_lines": 0, "excluded_lines": 0, "percent_statements_covered": 100.0, "percent_statements_covered_display": "100"}, "missing_lines": [], "excluded_lines": [], "start_line": 42}, "_read_sources": {"executed_lines": [52, 53, 54, 55, 56], "summary": {"covered_lines": 5, "num_statements": 5, "percent_covered": 100.0, "percent_covered_display": "100", "missing_lines": 0, "excluded_lines": 0, "percent_statements_covered": 100.0, "percent_statements_covered_display": "100"}, "missing_lines": [], "excluded_lines": [], "start_line": 51}, "run_build": {"executed_lines": [60, 61, 62, 63, 64, 65], "summary": {"covered_lines": 6, "num_statements": 6, "percent_covered": 100.0, "percent_covered_display": "100", "missing_lines": 0, "excluded_lines": 0, "percent_statements_covered": 100.0, "percent_statements_covered_display": "100"}, "missing_lines": [], "excluded_lines": [], "start_line": 59}, "run_audit": {"executed_lines": [69, 70], "summary": {"covered_lines": 2, "num_statements": 2, "percent_covered": 100.0, "percent_covered_display": "100", "missing_lines": 0, "excluded_lines": 0, "percent_statements_covered": 100.0, "percent_statements_covered_display": "100"}, "missing_lines": [], "excluded_lines": [], "start_line": 68}, "run_policy": {"executed_lines": [74, 82], "summary": {"covered_lines": 2, "num_statements": 2, "percent_covered": 100.0, "percent_covered_display": "100", "missing_lines": 0, "excluded_lines": 0, "percent_statements_covered": 100.0, "percent_statements_covered_display": "100"}, "missing_lines": [], "excluded_lines": [], "start_line": 73}, "run_github_owned": {"executed_lines": [87, 88, 89, 92, 97, 98, 99], "summary": {"covered_lines": 7, "num_statements": 8, "percent_covered": 87.5, "percent_covered_display": "88", "missing_lines": 1, "excluded_lines": 0, "percent_statements_covered": 87.5, "percent_statements_covered_display": "88"}, "missing_lines": [91], "excluded_lines": [], "start_line": 86}, "run_github_plan": {"executed_lines": [103, 104, 105, 106, 107], "summary": {"covered_lines": 5, "num_statements": 5, "percent_covered": 100.0, "percent_covered_display": "100", "missing_lines": 0, "excluded_lines": 0, "percent_statements_covered": 100.0, "percent_statements_covered_display": "100"}, "missing_lines": [], "excluded_lines": [], "start_line": 102}, "_print_or_write": {"executed_lines": [113, 114, 115, 116], "summary": {"covered_lines": 4, "num_statements": 4, "percent_covered": 100.0, "percent_covered_display": "100", "missing_lines": 0, "excluded_lines": 0, "percent_statements_covered": 100.0, "percent_statements_covered_display": "100"}, "missing_lines": [], "excluded_lines": [], "start_line": 112}, "run_graph": {"executed_lines": [120, 125, 126, 127, 128, 131, 132], "summary": {"covered_lines": 7, "num_statements": 8, "percent_covered": 87.5, "percent_covered_display": "88", "missing_lines": 1, "excluded_lines": 0, "percent_statements_covered": 87.5, "percent_statements_covered_display": "88"}, "missing_lines": [130], "excluded_lines": [], "start_line": 119}, "run_lineage": {"executed_lines": [136, 137, 140, 141, 142], "summary": {"covered_lines": 5, "num_statements": 6, "percent_covered": 83.33333333333333, "percent_covered_display": "83", "missing_lines": 1, "excluded_lines": 0, "percent_statements_covered": 83.33333333333333, "percent_statements_covered_display": "83"}, "missing_lines": [138], "excluded_lines": [], "start_line": 135}, "run_ecosystem": {"executed_lines": [146, 151, 152, 165, 166], "summary": {"covered_lines": 5, "num_statements": 5, "percent_covered": 100.0, "percent_covered_display": "100", "missing_lines": 0, "excluded_lines": 0, "percent_statements_covered": 100.0, "percent_statements_covered_display": "100"}, "missing_lines": [], "excluded_lines": [], "start_line": 145}, "run_export_formats": {"executed_lines": [171, 172], "summary": {"covered_lines": 2, "num_statements": 2, "percent_covered": 100.0, "percent_covered_display": "100", "missing_lines": 0, "excluded_lines": 0, "percent_statements_covered": 100.0, "percent_statements_covered_display": "100"}, "missing_lines": [], "excluded_lines": [], "start_line": 170}, "run_export": {"executed_lines": [176, 177, 178, 179], "summary": {"covered_lines": 4, "num_statements": 4, "percent_covered": 100.0, "percent_covered_display": "100", "missing_lines": 0, "excluded_lines": 0, "percent_statements_covered": 100.0, "percent_statements_covered_display": "100"}, "missing_lines": [], "excluded_lines": [], "start_line": 175}, "run_validate_export": {"executed_lines": [183, 184, 185], "summary": {"covered_lines": 3, "num_statements": 3, "percent_covered": 100.0, "percent_covered_display": "100", "missing_lines": 0, "excluded_lines": 0, "percent_statements_covered": 100.0, "percent_statements_covered_display": "100"}, "missing_lines": [], "excluded_lines": [], "start_line": 182}, "run_diff": {"executed_lines": [190, 191, 192, 193, 198, 199, 201, 202], "summary": {"covered_lines": 8, "num_statements": 8, "percent_covered": 100.0, "percent_covered_display": "100", "missing_lines": 0, "excluded_lines": 0, "percent_statements_covered": 100.0, "percent_statements_covered_display": "100"}, "missing_lines": [], "excluded_lines": [], "start_line": 189}, "run_update_plan": {"executed_lines": [206, 207, 208, 209, 210, 213, 214], "summary": {"covered_lines": 7, "num_statements": 8, "percent_covered": 87.5, "percent_covered_display": "88", "missing_lines": 1, "excluded_lines": 0, "percent_statements_covered": 87.5, "percent_statements_covered_display": "88"}, "missing_lines": [211], "excluded_lines": [], "start_line": 205}, "run_review_report": {"executed_lines": [218, 219, 220, 221, 231, 232, 233, 234, 235, 236], "summary": {"covered_lines": 10, "num_statements": 10, "percent_covered": 100.0, "percent_covered_display": "100", "missing_lines": 0, "excluded_lines": 0, "percent_statements_covered": 100.0, "percent_statements_covered_display": "100"}, "missing_lines": [], "excluded_lines": [], "start_line": 217}, "run_score": {"executed_lines": [241, 247, 248, 249, 254, 257, 258], "summary": {"covered_lines": 7, "num_statements": 8, "percent_covered": 87.5, "percent_covered_display": "88", "missing_lines": 1, "excluded_lines": 0, "percent_statements_covered": 87.5, "percent_statements_covered_display": "88"}, "missing_lines": [255], "excluded_lines": [], "start_line": 240}, "run_dedup": {"executed_lines": [262, 263, 264, 270, 273, 274], "summary": {"covered_lines": 6, "num_statements": 8, "percent_covered": 75.0, "percent_covered_display": "75", "missing_lines": 2, "excluded_lines": 0, "percent_statements_covered": 75.0, "percent_statements_covered_display": "75"}, "missing_lines": [265, 271], "excluded_lines": [], "start_line": 261}, "run_readiness": {"executed_lines": [278, 284, 285, 286, 303, 304, 307, 308], "summary": {"covered_lines": 8, "num_statements": 10, "percent_covered": 80.0, "percent_covered_display": "80", "missing_lines": 2, "excluded_lines": 0, "percent_statements_covered": 80.0, "percent_statements_covered_display": "80"}, "missing_lines": [305, 306], "excluded_lines": [], "start_line": 277}, "_split_csv": {"executed_lines": [314, 315], "summary": {"covered_lines": 2, "num_statements": 3, "percent_covered": 66.66666666666667, "percent_covered_display": "67", "missing_lines": 1, "excluded_lines": 0, "percent_statements_covered": 66.66666666666667, "percent_statements_covered_display": "67"}, "missing_lines": [316], "excluded_lines": [], "start_line": 313}, "run_policy_pack": {"executed_lines": [320, 321, 322, 323, 324, 325, 333, 336, 337, 343, 346, 347], "summary": {"covered_lines": 12, "num_statements": 20, "percent_covered": 60.0, "percent_covered_display": "60", "missing_lines": 8, "excluded_lines": 0, "percent_statements_covered": 60.0, "percent_statements_covered_display": "60"}, "missing_lines": [326, 327, 328, 330, 331, 334, 338, 344], "excluded_lines": [], "start_line": 319}, "run_license_gate": {"executed_lines": [351, 356, 357, 363, 366, 367], "summary": {"covered_lines": 6, "num_statements": 8, "percent_covered": 75.0, "percent_covered_display": "75", "missing_lines": 2, "excluded_lines": 0, "percent_statements_covered": 75.0, "percent_statements_covered_display": "75"}, "missing_lines": [358, 364], "excluded_lines": [], "start_line": 350}, "run_model_card": {"executed_lines": [371, 372, 381, 382, 383], "summary": {"covered_lines": 5, "num_statements": 5, "percent_covered": 100.0, "percent_covered_display": "100", "missing_lines": 0, "excluded_lines": 0, "percent_statements_covered": 100.0, "percent_statements_covered_display": "100"}, "missing_lines": [], "excluded_lines": [], "start_line": 370}, "run_registry": {"executed_lines": [390, 391, 392, 393, 395, 398, 399], "summary": {"covered_lines": 7, "num_statements": 9, "percent_covered": 77.77777777777777, "percent_covered_display": "78", "missing_lines": 2, "excluded_lines": 0, "percent_statements_covered": 77.77777777777777, "percent_statements_covered_display": "78"}, "missing_lines": [394, 396], "excluded_lines": [], "start_line": 389}, "run_sign": {"executed_lines": [403, 404, 405, 406, 407, 408, 409, 410, 411, 412], "summary": {"covered_lines": 10, "num_statements": 10, "percent_covered": 100.0, "percent_covered_display": "100", "missing_lines": 0, "excluded_lines": 0, "percent_statements_covered": 100.0, "percent_statements_covered_display": "100"}, "missing_lines": [], "excluded_lines": [], "start_line": 402}, "run_sbom": {"executed_lines": [416, 417, 421, 422, 424, 427, 428], "summary": {"covered_lines": 7, "num_statements": 11, "percent_covered": 63.63636363636363, "percent_covered_display": "64", "missing_lines": 4, "excluded_lines": 0, "percent_statements_covered": 63.63636363636363, "percent_statements_covered_display": "64"}, "missing_lines": [418, 419, 423, 425], "excluded_lines": [], "start_line": 415}, "run_bundle": {"executed_lines": [432, 433, 441, 444, 447, 448], "summary": {"covered_lines": 6, "num_statements": 9, "percent_covered": 66.66666666666667, "percent_covered_display": "67", "missing_lines": 3, "excluded_lines": 0, "percent_statements_covered": 66.66666666666667, "percent_statements_covered_display": "67"}, "missing_lines": [442, 443, 445], "excluded_lines": [], "start_line": 431}, "run_handoff": {"executed_lines": [455, 456, 471, 473, 476, 477], "summary": {"covered_lines": 6, "num_statements": 8, "percent_covered": 75.0, "percent_covered_display": "75", "missing_lines": 2, "excluded_lines": 0, "percent_statements_covered": 75.0, "percent_statements_covered_display": "75"}, "missing_lines": [472, 474], "excluded_lines": [], "start_line": 454}, "run_lora_card": {"executed_lines": [481, 492, 502, 503, 504, 507, 508], "summary": {"covered_lines": 7, "num_statements": 8, "percent_covered": 87.5, "percent_covered_display": "88", "missing_lines": 1, "excluded_lines": 0, "percent_statements_covered": 87.5, "percent_statements_covered_display": "88"}, "missing_lines": [505], "excluded_lines": [], "start_line": 480}, "run_train_plan": {"executed_lines": [512, 513, 514, 516, 527, 536, 537, 538, 539, 542, 543], "summary": {"covered_lines": 11, "num_statements": 12, "percent_covered": 91.66666666666667, "percent_covered_display": "92", "missing_lines": 1, "excluded_lines": 0, "percent_statements_covered": 91.66666666666667, "percent_statements_covered_display": "92"}, "missing_lines": [540], "excluded_lines": [], "start_line": 511}, "make_parser": {"executed_lines": [547, 548, 550, 551, 552, 553, 554, 555, 557, 558, 559, 560, 561, 562, 564, 565, 566, 567, 568, 569, 570, 572, 573, 574, 575, 577, 578, 579, 580, 581, 582, 583, 584, 586, 587, 588, 589, 590, 591, 593, 594, 595, 596, 597, 598, 599, 601, 602, 603, 604, 605, 606, 608, 609, 610, 611, 612, 613, 615, 616, 618, 619, 620, 621, 622, 623, 624, 625, 627, 628, 629, 630, 632, 633, 634, 635, 636, 637, 638, 639, 641, 642, 643, 644, 645, 646, 647, 648, 650, 651, 652, 653, 655, 656, 657, 658, 659, 660, 661, 662, 663, 664, 665, 666, 668, 669, 670, 671, 672, 673, 674, 676, 677, 678, 679, 680, 681, 682, 683, 684, 685, 687, 688, 689, 690, 691, 692, 693, 694, 695, 696, 698, 699, 700, 701, 702, 703, 704, 705, 706, 707, 708, 710, 711, 712, 713, 714, 715, 716, 717, 718, 719, 720, 722, 723, 724, 725, 726, 727, 728, 729, 731, 732, 733, 734, 735, 736, 737, 738, 740, 741, 742, 743, 744, 745, 746, 747, 748, 750, 751, 752, 753, 754, 755, 756, 757, 758, 759, 761, 762, 763, 764, 765, 766, 767, 768, 769, 770, 771, 772, 773, 774, 775, 776, 777, 779, 780, 781, 782, 783, 784, 785, 786, 787, 788, 789, 790, 791, 792, 793, 794, 795, 796, 797, 798, 800, 801, 802, 803, 804, 805, 806, 807, 808, 809, 810, 811, 812, 813, 814, 815, 816, 817, 818, 819, 820, 822, 823, 825], "summary": {"covered_lines": 249, "num_statements": 249, "percent_covered": 100.0, "percent_covered_display": "100", "missing_lines": 0, "excluded_lines": 0, "percent_statements_covered": 100.0, "percent_statements_covered_display": "100"}, "missing_lines": [], "excluded_lines": [], "start_line": 546}, "main": {"executed_lines": [829, 830], "summary": {"covered_lines": 2, "num_statements": 2, "percent_covered": 100.0, "percent_covered_display": "100", "missing_lines": 0, "excluded_lines": 0, "percent_statements_covered": 100.0, "percent_statements_covered_display": "100"}, "missing_lines": [], "excluded_lines": [], "start_line": 828}, "": {"executed_lines": [1, 3, 4, 5, 7, 8, 9, 10, 11, 12, 13, 14, 15, 16, 17, 18, 19, 20, 21, 22, 23, 24, 25, 26, 27, 28, 29, 32, 42, 51, 59, 68, 73, 86, 102, 112, 119, 135, 145, 170, 175, 182, 189, 205, 217, 240, 261, 277, 313, 319, 350, 370, 389, 402, 415, 431, 454, 480, 511, 546, 828, 833], "summary": {"covered_lines": 62, "num_statements": 63, "percent_covered": 98.41269841269842, "percent_covered_display": "98", "missing_lines": 1, "excluded_lines": 0, "percent_statements_covered": 98.41269841269842, "percent_statements_covered_display": "98"}, "missing_lines": [834], "excluded_lines": [], "start_line": 1}}, "classes": {"": {"executed_lines": [1, 3, 4, 5, 7, 8, 9, 10, 11, 12, 13, 14, 15, 16, 17, 18, 19, 20, 21, 22, 23, 24, 25, 26, 27, 28, 29, 32, 33, 34, 35, 38, 39, 42, 43, 44, 45, 46, 47, 48, 51, 52, 53, 54, 55, 56, 59, 60, 61, 62, 63, 64, 65, 68, 69, 70, 73, 74, 82, 86, 87, 88, 89, 92, 97, 98, 99, 102, 103, 104, 105, 106, 107, 112, 113, 114, 115, 116, 119, 120, 125, 126, 127, 128, 131, 132, 135, 136, 137, 140, 141, 142, 145, 146, 151, 152, 165, 166, 170, 171, 172, 175, 176, 177, 178, 179, 182, 183, 184, 185, 189, 190, 191, 192, 193, 198, 199, 201, 202, 205, 206, 207, 208, 209, 210, 213, 214, 217, 218, 219, 220, 221, 231, 232, 233, 234, 235, 236, 240, 241, 247, 248, 249, 254, 257, 258, 261, 262, 263, 264, 270, 273, 274, 277, 278, 284, 285, 286, 303, 304, 307, 308, 313, 314, 315, 319, 320, 321, 322, 323, 324, 325, 333, 336, 337, 343, 346, 347, 350, 351, 356, 357, 363, 366, 367, 370, 371, 372, 381, 382, 383, 389, 390, 391, 392, 393, 395, 398, 399, 402, 403, 404, 405, 406, 407, 408, 409, 410, 411, 412, 415, 416, 417, 421, 422, 424, 427, 428, 431, 432, 433, 441, 444, 447, 448, 454, 455, 456, 471, 473, 476, 477, 480, 481, 492, 502, 503, 504, 507, 508, 511, 512, 513, 514, 516, 527, 536, 537, 538, 539, 542, 543, 546, 547, 548, 550, 551, 552, 553, 554, 555, 557, 558, 559, 560, 561, 562, 564, 565, 566, 567, 568, 569, 570, 572, 573, 574, 575, 577, 578, 579, 580, 581, 582, 583, 584, 586, 587, 588, 589, 590, 591, 593, 594, 595, 596, 597, 598, 599, 601, 602, 603, 604, 605, 606, 608, 609, 610, 611, 612, 613, 615, 616, 618, 619, 620, 621, 622, 623, 624, 625, 627, 628, 629, 630, 632, 633, 634, 635, 636, 637, 638, 639, 641, 642, 643, 644, 645, 646, 647, 648, 650, 651, 652, 653, 655, 656, 657, 658, 659, 660, 661, 662, 663, 664, 665, 666, 668, 669, 670, 671, 672, 673, 674, 676, 677, 678, 679, 680, 681, 682, 683, 684, 685, 687, 688, 689, 690, 691, 692, 693, 694, 695, 696, 698, 699, 700, 701, 702, 703, 704, 705, 706, 707, 708, 710, 711, 712, 713, 714, 715, 716, 717, 718, 719, 720, 722, 723, 724, 725, 726, 727, 728, 729, 731, 732, 733, 734, 735, 736, 737, 738, 740, 741, 742, 743, 744, 745, 746, 747, 748, 750, 751, 752, 753, 754, 755, 756, 757, 758, 759, 761, 762, 763, 764, 765, 766, 767, 768, 769, 770, 771, 772, 773, 774, 775, 776, 777, 779, 780, 781, 782, 783, 784, 785, 786, 787, 788, 789, 790, 791, 792, 793, 794, 795, 796, 797, 798, 800, 801, 802, 803, 804, 805, 806, 807, 808, 809, 810, 811, 812, 813, 814, 815, 816, 817, 818, 819, 820, 822, 823, 825, 828, 829, 830, 833], "summary": {"covered_lines": 506, "num_statements": 542, "percent_covered": 93.35793357933579, "percent_covered_display": "93", "missing_lines": 36, "excluded_lines": 0, "percent_statements_covered": 93.35793357933579, "percent_statements_covered_display": "93"}, "missing_lines": [36, 37, 91, 130, 138, 211, 255, 265, 271, 305, 306, 316, 326, 327, 328, 330, 331, 334, 338, 344, 358, 364, 394, 396, 418, 419, 423, 425, 442, 443, 445, 472, 474, 505, 540, 834], "excluded_lines": [], "start_line": 1}}}, "src/peachtree/dedup.py": {"executed_lines": [2, 4, 5, 6, 7, 8, 9, 12, 13, 16, 17, 22, 25, 26, 27, 28, 29, 30, 32, 33, 36, 37, 38, 39, 40, 41, 42, 43, 45, 46, 47, 49, 50, 60, 61, 63, 64, 77, 80, 81, 82, 85, 88, 89, 91, 97, 98, 99, 100, 101, 103, 104, 105, 106, 107, 109, 110, 112, 113, 114, 115, 117, 118, 119, 120, 121, 123, 132, 133, 134, 135, 136, 137, 138, 139, 140, 141, 143, 144, 145, 147, 148, 149, 151, 152, 155, 156, 157], "summary": {"covered_lines": 88, "num_statements": 93, "percent_covered": 94.6236559139785, "percent_covered_display": "95", "missing_lines": 5, "excluded_lines": 0, "percent_statements_covered": 94.6236559139785, "percent_statements_covered_display": "95"}, "missing_lines": [78, 146, 150, 153, 154], "excluded_lines": [], "functions": {"normalized_text": {"executed_lines": [13], "summary": {"covered_lines": 1, "num_statements": 1, "percent_covered": 100.0, "percent_covered_display": "100", "missing_lines": 0, "excluded_lines": 0, "percent_statements_covered": 100.0, "percent_statements_covered_display": "100"}, "missing_lines": [], "excluded_lines": [], "start_line": 12}, "record_signature": {"executed_lines": [17, 22], "summary": {"covered_lines": 2, "num_statements": 2, "percent_covered": 100.0, "percent_covered_display": "100", "missing_lines": 0, "excluded_lines": 0, "percent_statements_covered": 100.0, "percent_statements_covered_display": "100"}, "missing_lines": [], "excluded_lines": [], "start_line": 16}, "DuplicateGroup.to_dict": {"executed_lines": [33], "summary": {"covered_lines": 1, "num_statements": 1, "percent_covered": 100.0, "percent_covered_display": "100", "missing_lines": 0, "excluded_lines": 0, "percent_statements_covered": 100.0, "percent_statements_covered_display": "100"}, "missing_lines": [], "excluded_lines": [], "start_line": 32}, "DedupReport.duplicate_ratio": {"executed_lines": [47], "summary": {"covered_lines": 1, "num_statements": 1, "percent_covered": 100.0, "percent_covered_display": "100", "missing_lines": 0, "excluded_lines": 0, "percent_statements_covered": 100.0, "percent_statements_covered_display": "100"}, "missing_lines": [], "excluded_lines": [], "start_line": 46}, "DedupReport.to_dict": {"executed_lines": [50], "summary": {"covered_lines": 1, "num_statements": 1, "percent_covered": 100.0, "percent_covered_display": "100", "missing_lines": 0, "excluded_lines": 0, "percent_statements_covered": 100.0, "percent_statements_covered_display": "100"}, "missing_lines": [], "excluded_lines": [], "start_line": 49}, "DedupReport.to_json": {"executed_lines": [61], "summary": {"covered_lines": 1, "num_statements": 1, "percent_covered": 100.0, "percent_covered_display": "100", "missing_lines": 0, "excluded_lines": 0, "percent_statements_covered": 100.0, "percent_statements_covered_display": "100"}, "missing_lines": [], "excluded_lines": [], "start_line": 60}, "DedupReport.to_markdown": {"executed_lines": [64, 77, 80, 81, 82], "summary": {"covered_lines": 5, "num_statements": 6, "percent_covered": 83.33333333333333, "percent_covered_display": "83", "missing_lines": 1, "excluded_lines": 0, "percent_statements_covered": 83.33333333333333, "percent_statements_covered_display": "83"}, "missing_lines": [78], "excluded_lines": [], "start_line": 63}, "DatasetDeduplicator.analyze": {"executed_lines": [89], "summary": {"covered_lines": 1, "num_statements": 1, "percent_covered": 100.0, "percent_covered_display": "100", "missing_lines": 0, "excluded_lines": 0, "percent_statements_covered": 100.0, "percent_statements_covered_display": "100"}, "missing_lines": [], "excluded_lines": [], "start_line": 88}, "DatasetDeduplicator.deduplicate": {"executed_lines": [97, 98, 99, 100, 101, 103, 104, 105, 106, 107, 109, 110, 112, 113, 114, 115, 117, 118, 119, 120, 121, 123], "summary": {"covered_lines": 22, "num_statements": 22, "percent_covered": 100.0, "percent_covered_display": "100", "missing_lines": 0, "excluded_lines": 0, "percent_statements_covered": 100.0, "percent_statements_covered_display": "100"}, "missing_lines": [], "excluded_lines": [], "start_line": 91}, "DatasetDeduplicator.write_report": {"executed_lines": [133, 134, 135, 136, 137, 138, 139, 140, 141], "summary": {"covered_lines": 9, "num_statements": 9, "percent_covered": 100.0, "percent_covered_display": "100", "missing_lines": 0, "excluded_lines": 0, "percent_statements_covered": 100.0, "percent_statements_covered_display": "100"}, "missing_lines": [], "excluded_lines": [], "start_line": 132}, "DatasetDeduplicator._read_jsonl": {"executed_lines": [145, 147, 148, 149, 151, 152, 155, 156, 157], "summary": {"covered_lines": 9, "num_statements": 13, "percent_covered": 69.23076923076923, "percent_covered_display": "69", "missing_lines": 4, "excluded_lines": 0, "percent_statements_covered": 69.23076923076923, "percent_statements_covered_display": "69"}, "missing_lines": [146, 150, 153, 154], "excluded_lines": [], "start_line": 144}, "": {"executed_lines": [2, 4, 5, 6, 7, 8, 9, 12, 16, 25, 26, 27, 28, 29, 30, 32, 36, 37, 38, 39, 40, 41, 42, 43, 45, 46, 49, 60, 63, 85, 88, 91, 132, 143, 144], "summary": {"covered_lines": 35, "num_statements": 35, "percent_covered": 100.0, "percent_covered_display": "100", "missing_lines": 0, "excluded_lines": 0, "percent_statements_covered": 100.0, "percent_statements_covered_display": "100"}, "missing_lines": [], "excluded_lines": [], "start_line": 1}}, "classes": {"DuplicateGroup": {"executed_lines": [33], "summary": {"covered_lines": 1, "num_statements": 1, "percent_covered": 100.0, "percent_covered_display": "100", "missing_lines": 0, "excluded_lines": 0, "percent_statements_covered": 100.0, "percent_statements_covered_display": "100"}, "missing_lines": [], "excluded_lines": [], "start_line": 26}, "DedupReport": {"executed_lines": [47, 50, 61, 64, 77, 80, 81, 82], "summary": {"covered_lines": 8, "num_statements": 9, "percent_covered": 88.88888888888889, "percent_covered_display": "89", "missing_lines": 1, "excluded_lines": 0, "percent_statements_covered": 88.88888888888889, "percent_statements_covered_display": "89"}, "missing_lines": [78], "excluded_lines": [], "start_line": 37}, "DatasetDeduplicator": {"executed_lines": [89, 97, 98, 99, 100, 101, 103, 104, 105, 106, 107, 109, 110, 112, 113, 114, 115, 117, 118, 119, 120, 121, 123, 133, 134, 135, 136, 137, 138, 139, 140, 141, 145, 147, 148, 149, 151, 152, 155, 156, 157], "summary": {"covered_lines": 41, "num_statements": 45, "percent_covered": 91.11111111111111, "percent_covered_display": "91", "missing_lines": 4, "excluded_lines": 0, "percent_statements_covered": 91.11111111111111, "percent_statements_covered_display": "91"}, "missing_lines": [146, 150, 153, 154], "excluded_lines": [], "start_line": 85}, "": {"executed_lines": [2, 4, 5, 6, 7, 8, 9, 12, 13, 16, 17, 22, 25, 26, 27, 28, 29, 30, 32, 36, 37, 38, 39, 40, 41, 42, 43, 45, 46, 49, 60, 63, 85, 88, 91, 132, 143, 144], "summary": {"covered_lines": 38, "num_statements": 38, "percent_covered": 100.0, "percent_covered_display": "100", "missing_lines": 0, "excluded_lines": 0, "percent_statements_covered": 100.0, "percent_statements_covered_display": "100"}, "missing_lines": [], "excluded_lines": [], "start_line": 1}}}, "src/peachtree/dependency_graph.py": {"executed_lines": [7, 9, 10, 11, 12, 13, 15, 18, 19, 20, 21, 22, 23, 25, 26, 29, 30, 31, 32, 33, 34, 36, 37, 40, 41, 42, 43, 45, 46, 48, 49, 51, 52, 53, 54, 56, 57, 64, 65, 67, 68, 69, 70, 71, 72, 75, 77, 78, 79, 80, 81, 82, 83, 84, 86, 87, 88, 89, 91, 93, 94, 95, 98, 101, 107, 108, 109, 110, 112, 113, 114, 115, 117, 118, 120, 121, 123, 124, 133, 134, 136, 137, 138, 139, 147, 148, 149, 150, 151, 152, 154, 163, 164, 166, 167, 168, 169, 172, 173, 186, 187, 188, 189, 190, 192, 193, 194, 195, 197, 198, 199, 201, 202, 203, 204, 207, 208, 209, 211, 212, 220, 221, 229, 230, 239, 240, 241, 242, 243, 245, 246, 249, 250, 251], "summary": {"covered_lines": 134, "num_statements": 145, "percent_covered": 92.41379310344827, "percent_covered_display": "92", "missing_lines": 11, "excluded_lines": 0, "percent_statements_covered": 92.41379310344827, "percent_statements_covered_display": "92"}, "missing_lines": [50, 90, 135, 153, 165, 170, 171, 205, 244, 247, 248], "excluded_lines": [], "functions": {"GraphNode.to_dict": {"executed_lines": [26], "summary": {"covered_lines": 1, "num_statements": 1, "percent_covered": 100.0, "percent_covered_display": "100", "missing_lines": 0, "excluded_lines": 0, "percent_statements_covered": 100.0, "percent_statements_covered_display": "100"}, "missing_lines": [], "excluded_lines": [], "start_line": 25}, "GraphEdge.to_dict": {"executed_lines": [37], "summary": {"covered_lines": 1, "num_statements": 1, "percent_covered": 100.0, "percent_covered_display": "100", "missing_lines": 0, "excluded_lines": 0, "percent_statements_covered": 100.0, "percent_statements_covered_display": "100"}, "missing_lines": [], "excluded_lines": [], "start_line": 36}, "DependencyGraph.add_node": {"executed_lines": [46], "summary": {"covered_lines": 1, "num_statements": 1, "percent_covered": 100.0, "percent_covered_display": "100", "missing_lines": 0, "excluded_lines": 0, "percent_statements_covered": 100.0, "percent_statements_covered_display": "100"}, "missing_lines": [], "excluded_lines": [], "start_line": 45}, "DependencyGraph.add_edge": {"executed_lines": [49, 51, 52, 53, 54], "summary": {"covered_lines": 5, "num_statements": 6, "percent_covered": 83.33333333333333, "percent_covered_display": "83", "missing_lines": 1, "excluded_lines": 0, "percent_statements_covered": 83.33333333333333, "percent_statements_covered_display": "83"}, "missing_lines": [50], "excluded_lines": [], "start_line": 48}, "DependencyGraph.to_dict": {"executed_lines": [57], "summary": {"covered_lines": 1, "num_statements": 1, "percent_covered": 100.0, "percent_covered_display": "100", "missing_lines": 0, "excluded_lines": 0, "percent_statements_covered": 100.0, "percent_statements_covered_display": "100"}, "missing_lines": [], "excluded_lines": [], "start_line": 56}, "DependencyGraph.to_json": {"executed_lines": [65], "summary": {"covered_lines": 1, "num_statements": 1, "percent_covered": 100.0, "percent_covered_display": "100", "missing_lines": 0, "excluded_lines": 0, "percent_statements_covered": 100.0, "percent_statements_covered_display": "100"}, "missing_lines": [], "excluded_lines": [], "start_line": 64}, "DependencyGraph.to_mermaid": {"executed_lines": [68, 69, 70, 71, 72, 75], "summary": {"covered_lines": 6, "num_statements": 6, "percent_covered": 100.0, "percent_covered_display": "100", "missing_lines": 0, "excluded_lines": 0, "percent_statements_covered": 100.0, "percent_statements_covered_display": "100"}, "missing_lines": [], "excluded_lines": [], "start_line": 67}, "DependencyGraph.to_dot": {"executed_lines": [78, 79, 80, 81, 82, 83, 84], "summary": {"covered_lines": 7, "num_statements": 7, "percent_covered": 100.0, "percent_covered_display": "100", "missing_lines": 0, "excluded_lines": 0, "percent_statements_covered": 100.0, "percent_statements_covered_display": "100"}, "missing_lines": [], "excluded_lines": [], "start_line": 77}, "DependencyGraph._mermaid_id": {"executed_lines": [88, 89, 91], "summary": {"covered_lines": 3, "num_statements": 4, "percent_covered": 75.0, "percent_covered_display": "75", "missing_lines": 1, "excluded_lines": 0, "percent_statements_covered": 75.0, "percent_statements_covered_display": "75"}, "missing_lines": [90], "excluded_lines": [], "start_line": 87}, "DependencyGraph._escape": {"executed_lines": [95], "summary": {"covered_lines": 1, "num_statements": 1, "percent_covered": 100.0, "percent_covered_display": "100", "missing_lines": 0, "excluded_lines": 0, "percent_statements_covered": 100.0, "percent_statements_covered_display": "100"}, "missing_lines": [], "excluded_lines": [], "start_line": 94}, "DependencyGraphBuilder.from_inputs": {"executed_lines": [107, 108, 109, 110, 112, 113, 114, 115, 117, 118], "summary": {"covered_lines": 10, "num_statements": 10, "percent_covered": 100.0, "percent_covered_display": "100", "missing_lines": 0, "excluded_lines": 0, "percent_statements_covered": 100.0, "percent_statements_covered_display": "100"}, "missing_lines": [], "excluded_lines": [], "start_line": 101}, "DependencyGraphBuilder._read_repos": {"executed_lines": [121], "summary": {"covered_lines": 1, "num_statements": 1, "percent_covered": 100.0, "percent_covered_display": "100", "missing_lines": 0, "excluded_lines": 0, "percent_statements_covered": 100.0, "percent_statements_covered_display": "100"}, "missing_lines": [], "excluded_lines": [], "start_line": 120}, "DependencyGraphBuilder._add_repo": {"executed_lines": [124], "summary": {"covered_lines": 1, "num_statements": 1, "percent_covered": 100.0, "percent_covered_display": "100", "missing_lines": 0, "excluded_lines": 0, "percent_statements_covered": 100.0, "percent_statements_covered_display": "100"}, "missing_lines": [], "excluded_lines": [], "start_line": 123}, "DependencyGraphBuilder._add_datasets": {"executed_lines": [134, 136, 137, 138, 139, 147, 148, 149, 150, 151, 152, 154], "summary": {"covered_lines": 12, "num_statements": 14, "percent_covered": 85.71428571428571, "percent_covered_display": "86", "missing_lines": 2, "excluded_lines": 0, "percent_statements_covered": 85.71428571428571, "percent_statements_covered_display": "86"}, "missing_lines": [135, 153], "excluded_lines": [], "start_line": 133}, "DependencyGraphBuilder._add_manifests": {"executed_lines": [164, 166, 167, 168, 169, 172, 173, 186, 187, 188, 189, 190, 192, 193, 194, 195], "summary": {"covered_lines": 16, "num_statements": 19, "percent_covered": 84.21052631578948, "percent_covered_display": "84", "missing_lines": 3, "excluded_lines": 0, "percent_statements_covered": 84.21052631578948, "percent_statements_covered_display": "84"}, "missing_lines": [165, 170, 171], "excluded_lines": [], "start_line": 163}, "DependencyGraphBuilder._add_ecosystem_edges": {"executed_lines": [198, 199, 201, 207, 208, 209, 211, 212, 220, 221, 229, 230], "summary": {"covered_lines": 12, "num_statements": 12, "percent_covered": 100.0, "percent_covered_display": "100", "missing_lines": 0, "excluded_lines": 0, "percent_statements_covered": 100.0, "percent_statements_covered_display": "100"}, "missing_lines": [], "excluded_lines": [], "start_line": 197}, "DependencyGraphBuilder._add_ecosystem_edges.find": {"executed_lines": [202, 203, 204], "summary": {"covered_lines": 3, "num_statements": 4, "percent_covered": 75.0, "percent_covered_display": "75", "missing_lines": 1, "excluded_lines": 0, "percent_statements_covered": 75.0, "percent_statements_covered_display": "75"}, "missing_lines": [205], "excluded_lines": [], "start_line": 201}, "DependencyGraphBuilder._iter_jsonl": {"executed_lines": [241, 242, 243, 245, 246, 249, 250, 251], "summary": {"covered_lines": 8, "num_statements": 11, "percent_covered": 72.72727272727273, "percent_covered_display": "73", "missing_lines": 3, "excluded_lines": 0, "percent_statements_covered": 72.72727272727273, "percent_statements_covered_display": "73"}, "missing_lines": [244, 247, 248], "excluded_lines": [], "start_line": 240}, "": {"executed_lines": [7, 9, 10, 11, 12, 13, 15, 18, 19, 20, 21, 22, 23, 25, 29, 30, 31, 32, 33, 34, 36, 40, 41, 42, 43, 45, 48, 56, 64, 67, 77, 86, 87, 93, 94, 98, 101, 120, 123, 133, 163, 197, 239, 240], "summary": {"covered_lines": 44, "num_statements": 44, "percent_covered": 100.0, "percent_covered_display": "100", "missing_lines": 0, "excluded_lines": 0, "percent_statements_covered": 100.0, "percent_statements_covered_display": "100"}, "missing_lines": [], "excluded_lines": [], "start_line": 1}}, "classes": {"GraphNode": {"executed_lines": [26], "summary": {"covered_lines": 1, "num_statements": 1, "percent_covered": 100.0, "percent_covered_display": "100", "missing_lines": 0, "excluded_lines": 0, "percent_statements_covered": 100.0, "percent_statements_covered_display": "100"}, "missing_lines": [], "excluded_lines": [], "start_line": 19}, "GraphEdge": {"executed_lines": [37], "summary": {"covered_lines": 1, "num_statements": 1, "percent_covered": 100.0, "percent_covered_display": "100", "missing_lines": 0, "excluded_lines": 0, "percent_statements_covered": 100.0, "percent_statements_covered_display": "100"}, "missing_lines": [], "excluded_lines": [], "start_line": 30}, "DependencyGraph": {"executed_lines": [46, 49, 51, 52, 53, 54, 57, 65, 68, 69, 70, 71, 72, 75, 78, 79, 80, 81, 82, 83, 84, 88, 89, 91, 95], "summary": {"covered_lines": 25, "num_statements": 27, "percent_covered": 92.5925925925926, "percent_covered_display": "93", "missing_lines": 2, "excluded_lines": 0, "percent_statements_covered": 92.5925925925926, "percent_statements_covered_display": "93"}, "missing_lines": [50, 90], "excluded_lines": [], "start_line": 41}, "DependencyGraphBuilder": {"executed_lines": [107, 108, 109, 110, 112, 113, 114, 115, 117, 118, 121, 124, 134, 136, 137, 138, 139, 147, 148, 149, 150, 151, 152, 154, 164, 166, 167, 168, 169, 172, 173, 186, 187, 188, 189, 190, 192, 193, 194, 195, 198, 199, 201, 202, 203, 204, 207, 208, 209, 211, 212, 220, 221, 229, 230, 241, 242, 243, 245, 246, 249, 250, 251], "summary": {"covered_lines": 63, "num_statements": 72, "percent_covered": 87.5, "percent_covered_display": "88", "missing_lines": 9, "excluded_lines": 0, "percent_statements_covered": 87.5, "percent_statements_covered_display": "88"}, "missing_lines": [135, 153, 165, 170, 171, 205, 244, 247, 248], "excluded_lines": [], "start_line": 98}, "": {"executed_lines": [7, 9, 10, 11, 12, 13, 15, 18, 19, 20, 21, 22, 23, 25, 29, 30, 31, 32, 33, 34, 36, 40, 41, 42, 43, 45, 48, 56, 64, 67, 77, 86, 87, 93, 94, 98, 101, 120, 123, 133, 163, 197, 239, 240], "summary": {"covered_lines": 44, "num_statements": 44, "percent_covered": 100.0, "percent_covered_display": "100", "missing_lines": 0, "excluded_lines": 0, "percent_statements_covered": 100.0, "percent_statements_covered_display": "100"}, "missing_lines": [], "excluded_lines": [], "start_line": 1}}}, "src/peachtree/diff_review.py": {"executed_lines": [6, 8, 9, 10, 11, 12, 15, 16, 19, 20, 21, 22, 23, 24, 25, 27, 31, 32, 33, 34, 35, 36, 37, 38, 40, 44, 45, 46, 47, 48, 49, 50, 51, 52, 53, 54, 55, 56, 58, 59, 60, 62, 63, 64, 65, 66, 67, 68, 69, 70, 72, 73, 74, 76, 77, 78, 79, 80, 81, 83, 84, 86, 87, 106, 107, 108, 109, 110, 111, 113, 114, 115, 116, 118, 119, 120, 121, 123, 124, 127, 130, 131, 132, 133, 142, 143, 144, 145, 146, 147, 148, 149, 150, 151, 152, 153, 154, 155, 169, 170, 171, 172, 173, 174, 175, 176, 178, 179, 181, 182, 183, 185, 186, 189, 191, 192, 193, 200, 202, 203, 210, 211, 213, 214, 215, 217, 218, 220, 221, 222], "summary": {"covered_lines": 130, "num_statements": 140, "percent_covered": 92.85714285714286, "percent_covered_display": "93", "missing_lines": 10, "excluded_lines": 0, "percent_statements_covered": 92.85714285714286, "percent_statements_covered_display": "93"}, "missing_lines": [28, 41, 180, 184, 187, 188, 190, 212, 216, 219], "excluded_lines": [], "functions": {"sha256_bytes": {"executed_lines": [16], "summary": {"covered_lines": 1, "num_statements": 1, "percent_covered": 100.0, "percent_covered_display": "100", "missing_lines": 0, "excluded_lines": 0, "percent_statements_covered": 100.0, "percent_statements_covered_display": "100"}, "missing_lines": [], "excluded_lines": [], "start_line": 15}, "DatasetRecordSummary.to_dict": {"executed_lines": [], "summary": {"covered_lines": 0, "num_statements": 1, "percent_covered": 0.0, "percent_covered_display": "0", "missing_lines": 1, "excluded_lines": 0, "percent_statements_covered": 0.0, "percent_statements_covered_display": "0"}, "missing_lines": [28], "excluded_lines": [], "start_line": 27}, "DatasetFingerprint.to_dict": {"executed_lines": [], "summary": {"covered_lines": 0, "num_statements": 1, "percent_covered": 0.0, "percent_covered_display": "0", "missing_lines": 1, "excluded_lines": 0, "percent_statements_covered": 0.0, "percent_statements_covered_display": "0"}, "missing_lines": [41], "excluded_lines": [], "start_line": 40}, "DatasetDiff.record_delta": {"executed_lines": [60], "summary": {"covered_lines": 1, "num_statements": 1, "percent_covered": 100.0, "percent_covered_display": "100", "missing_lines": 0, "excluded_lines": 0, "percent_statements_covered": 100.0, "percent_statements_covered_display": "100"}, "missing_lines": [], "excluded_lines": [], "start_line": 59}, "DatasetDiff.risk_score": {"executed_lines": [64, 65, 66, 67, 68, 69, 70], "summary": {"covered_lines": 7, "num_statements": 7, "percent_covered": 100.0, "percent_covered_display": "100", "missing_lines": 0, "excluded_lines": 0, "percent_statements_covered": 100.0, "percent_statements_covered_display": "100"}, "missing_lines": [], "excluded_lines": [], "start_line": 63}, "DatasetDiff.review_required": {"executed_lines": [74], "summary": {"covered_lines": 1, "num_statements": 1, "percent_covered": 100.0, "percent_covered_display": "100", "missing_lines": 0, "excluded_lines": 0, "percent_statements_covered": 100.0, "percent_statements_covered_display": "100"}, "missing_lines": [], "excluded_lines": [], "start_line": 73}, "DatasetDiff.to_dict": {"executed_lines": [77, 78, 79, 80, 81], "summary": {"covered_lines": 5, "num_statements": 5, "percent_covered": 100.0, "percent_covered_display": "100", "missing_lines": 0, "excluded_lines": 0, "percent_statements_covered": 100.0, "percent_statements_covered_display": "100"}, "missing_lines": [], "excluded_lines": [], "start_line": 76}, "DatasetDiff.to_json": {"executed_lines": [84], "summary": {"covered_lines": 1, "num_statements": 1, "percent_covered": 100.0, "percent_covered_display": "100", "missing_lines": 0, "excluded_lines": 0, "percent_statements_covered": 100.0, "percent_statements_covered_display": "100"}, "missing_lines": [], "excluded_lines": [], "start_line": 83}, "DatasetDiff.to_markdown": {"executed_lines": [87, 106, 107, 108, 109, 110, 111, 113, 114, 115, 116, 118, 119, 120, 121, 123, 124], "summary": {"covered_lines": 17, "num_statements": 17, "percent_covered": 100.0, "percent_covered_display": "100", "missing_lines": 0, "excluded_lines": 0, "percent_statements_covered": 100.0, "percent_statements_covered_display": "100"}, "missing_lines": [], "excluded_lines": [], "start_line": 86}, "DatasetDiffReviewer.fingerprint": {"executed_lines": [131, 132, 133], "summary": {"covered_lines": 3, "num_statements": 3, "percent_covered": 100.0, "percent_covered_display": "100", "missing_lines": 0, "excluded_lines": 0, "percent_statements_covered": 100.0, "percent_statements_covered_display": "100"}, "missing_lines": [], "excluded_lines": [], "start_line": 130}, "DatasetDiffReviewer.compare": {"executed_lines": [143, 144, 145, 146, 147, 148, 149, 150, 151, 152, 153, 154, 155], "summary": {"covered_lines": 13, "num_statements": 13, "percent_covered": 100.0, "percent_covered_display": "100", "missing_lines": 0, "excluded_lines": 0, "percent_statements_covered": 100.0, "percent_statements_covered_display": "100"}, "missing_lines": [], "excluded_lines": [], "start_line": 142}, "DatasetDiffReviewer.write_reports": {"executed_lines": [170, 171, 172, 173, 174, 175, 176], "summary": {"covered_lines": 7, "num_statements": 7, "percent_covered": 100.0, "percent_covered_display": "100", "missing_lines": 0, "excluded_lines": 0, "percent_statements_covered": 100.0, "percent_statements_covered_display": "100"}, "missing_lines": [], "excluded_lines": [], "start_line": 169}, "DatasetDiffReviewer._summaries": {"executed_lines": [179, 181, 182, 183, 185, 186, 189, 191, 192, 193, 200], "summary": {"covered_lines": 11, "num_statements": 16, "percent_covered": 68.75, "percent_covered_display": "69", "missing_lines": 5, "excluded_lines": 0, "percent_statements_covered": 68.75, "percent_statements_covered_display": "69"}, "missing_lines": [180, 184, 187, 188, 190], "excluded_lines": [], "start_line": 178}, "DatasetDiffReviewer._warnings": {"executed_lines": [210, 211, 213, 214, 215, 217, 218, 220, 221, 222], "summary": {"covered_lines": 10, "num_statements": 13, "percent_covered": 76.92307692307692, "percent_covered_display": "77", "missing_lines": 3, "excluded_lines": 0, "percent_statements_covered": 76.92307692307692, "percent_statements_covered_display": "77"}, "missing_lines": [212, 216, 219], "excluded_lines": [], "start_line": 203}, "": {"executed_lines": [6, 8, 9, 10, 11, 12, 15, 19, 20, 21, 22, 23, 24, 25, 27, 31, 32, 33, 34, 35, 36, 37, 38, 40, 44, 45, 46, 47, 48, 49, 50, 51, 52, 53, 54, 55, 56, 58, 59, 62, 63, 72, 73, 76, 83, 86, 127, 130, 142, 169, 178, 202, 203], "summary": {"covered_lines": 53, "num_statements": 53, "percent_covered": 100.0, "percent_covered_display": "100", "missing_lines": 0, "excluded_lines": 0, "percent_statements_covered": 100.0, "percent_statements_covered_display": "100"}, "missing_lines": [], "excluded_lines": [], "start_line": 1}}, "classes": {"DatasetRecordSummary": {"executed_lines": [], "summary": {"covered_lines": 0, "num_statements": 1, "percent_covered": 0.0, "percent_covered_display": "0", "missing_lines": 1, "excluded_lines": 0, "percent_statements_covered": 0.0, "percent_statements_covered_display": "0"}, "missing_lines": [28], "excluded_lines": [], "start_line": 20}, "DatasetFingerprint": {"executed_lines": [], "summary": {"covered_lines": 0, "num_statements": 1, "percent_covered": 0.0, "percent_covered_display": "0", "missing_lines": 1, "excluded_lines": 0, "percent_statements_covered": 0.0, "percent_statements_covered_display": "0"}, "missing_lines": [41], "excluded_lines": [], "start_line": 32}, "DatasetDiff": {"executed_lines": [60, 64, 65, 66, 67, 68, 69, 70, 74, 77, 78, 79, 80, 81, 84, 87, 106, 107, 108, 109, 110, 111, 113, 114, 115, 116, 118, 119, 120, 121, 123, 124], "summary": {"covered_lines": 32, "num_statements": 32, "percent_covered": 100.0, "percent_covered_display": "100", "missing_lines": 0, "excluded_lines": 0, "percent_statements_covered": 100.0, "percent_statements_covered_display": "100"}, "missing_lines": [], "excluded_lines": [], "start_line": 45}, "DatasetDiffReviewer": {"executed_lines": [131, 132, 133, 143, 144, 145, 146, 147, 148, 149, 150, 151, 152, 153, 154, 155, 170, 171, 172, 173, 174, 175, 176, 179, 181, 182, 183, 185, 186, 189, 191, 192, 193, 200, 210, 211, 213, 214, 215, 217, 218, 220, 221, 222], "summary": {"covered_lines": 44, "num_statements": 52, "percent_covered": 84.61538461538461, "percent_covered_display": "85", "missing_lines": 8, "excluded_lines": 0, "percent_statements_covered": 84.61538461538461, "percent_statements_covered_display": "85"}, "missing_lines": [180, 184, 187, 188, 190, 212, 216, 219], "excluded_lines": [], "start_line": 127}, "": {"executed_lines": [6, 8, 9, 10, 11, 12, 15, 16, 19, 20, 21, 22, 23, 24, 25, 27, 31, 32, 33, 34, 35, 36, 37, 38, 40, 44, 45, 46, 47, 48, 49, 50, 51, 52, 53, 54, 55, 56, 58, 59, 62, 63, 72, 73, 76, 83, 86, 127, 130, 142, 169, 178, 202, 203], "summary": {"covered_lines": 54, "num_statements": 54, "percent_covered": 100.0, "percent_covered_display": "100", "missing_lines": 0, "excluded_lines": 0, "percent_statements_covered": 100.0, "percent_statements_covered_display": "100"}, "missing_lines": [], "excluded_lines": [], "start_line": 1}}}, "src/peachtree/exporters.py": {"executed_lines": [6, 8, 9, 10, 11, 14, 17, 18, 19, 20, 22, 26, 27, 28, 29, 30, 31, 32, 33, 35, 36, 37, 39, 40, 50, 51, 54, 55, 56, 57, 58, 59, 61, 62, 63, 65, 66, 74, 75, 78, 79, 82, 83, 84, 86, 89, 92, 97, 98, 100, 107, 108, 109, 110, 112, 113, 114, 115, 117, 118, 119, 120, 121, 122, 123, 124, 125, 126, 127, 129, 130, 132, 133, 134, 135, 136, 138, 140, 141, 143, 144, 145, 146, 147, 148, 151, 152, 153, 154, 155, 156, 157, 158, 159, 160, 162, 163, 170, 171, 172, 174, 175, 176, 177, 178, 180, 181, 188, 189, 190, 191, 192, 193, 195, 196, 197, 199, 200, 201, 213, 215, 216, 217, 218, 220, 221, 225, 226, 230, 231, 232, 233, 234, 235, 236, 237, 239, 240, 242, 243, 244, 246, 248, 250, 251, 252, 253, 255, 256, 258, 259, 261], "summary": {"covered_lines": 152, "num_statements": 170, "percent_covered": 89.41176470588235, "percent_covered_display": "89", "missing_lines": 18, "excluded_lines": 0, "percent_statements_covered": 89.41176470588235, "percent_statements_covered_display": "89"}, "missing_lines": [23, 85, 139, 149, 219, 222, 223, 224, 228, 238, 241, 245, 247, 249, 254, 257, 260, 262], "excluded_lines": [], "functions": {"ExportIssue.to_dict": {"executed_lines": [], "summary": {"covered_lines": 0, "num_statements": 1, "percent_covered": 0.0, "percent_covered_display": "0", "missing_lines": 1, "excluded_lines": 0, "percent_statements_covered": 0.0, "percent_statements_covered_display": "0"}, "missing_lines": [23], "excluded_lines": [], "start_line": 22}, "ExportStats.ok": {"executed_lines": [37], "summary": {"covered_lines": 1, "num_statements": 1, "percent_covered": 100.0, "percent_covered_display": "100", "missing_lines": 0, "excluded_lines": 0, "percent_statements_covered": 100.0, "percent_statements_covered_display": "100"}, "missing_lines": [], "excluded_lines": [], "start_line": 36}, "ExportStats.to_dict": {"executed_lines": [40], "summary": {"covered_lines": 1, "num_statements": 1, "percent_covered": 100.0, "percent_covered_display": "100", "missing_lines": 0, "excluded_lines": 0, "percent_statements_covered": 100.0, "percent_statements_covered_display": "100"}, "missing_lines": [], "excluded_lines": [], "start_line": 39}, "ExportStats.to_json": {"executed_lines": [51], "summary": {"covered_lines": 1, "num_statements": 1, "percent_covered": 100.0, "percent_covered_display": "100", "missing_lines": 0, "excluded_lines": 0, "percent_statements_covered": 100.0, "percent_statements_covered_display": "100"}, "missing_lines": [], "excluded_lines": [], "start_line": 50}, "ValidationReport.ok": {"executed_lines": [63], "summary": {"covered_lines": 1, "num_statements": 1, "percent_covered": 100.0, "percent_covered_display": "100", "missing_lines": 0, "excluded_lines": 0, "percent_statements_covered": 100.0, "percent_statements_covered_display": "100"}, "missing_lines": [], "excluded_lines": [], "start_line": 62}, "ValidationReport.to_dict": {"executed_lines": [66], "summary": {"covered_lines": 1, "num_statements": 1, "percent_covered": 100.0, "percent_covered_display": "100", "missing_lines": 0, "excluded_lines": 0, "percent_statements_covered": 100.0, "percent_statements_covered_display": "100"}, "missing_lines": [], "excluded_lines": [], "start_line": 65}, "ValidationReport.to_json": {"executed_lines": [75], "summary": {"covered_lines": 1, "num_statements": 1, "percent_covered": 100.0, "percent_covered_display": "100", "missing_lines": 0, "excluded_lines": 0, "percent_statements_covered": 100.0, "percent_statements_covered_display": "100"}, "missing_lines": [], "excluded_lines": [], "start_line": 74}, "export_format_names": {"executed_lines": [79], "summary": {"covered_lines": 1, "num_statements": 1, "percent_covered": 100.0, "percent_covered_display": "100", "missing_lines": 0, "excluded_lines": 0, "percent_statements_covered": 100.0, "percent_statements_covered_display": "100"}, "missing_lines": [], "excluded_lines": [], "start_line": 78}, "normalize_format": {"executed_lines": [83, 84, 86], "summary": {"covered_lines": 3, "num_statements": 4, "percent_covered": 75.0, "percent_covered_display": "75", "missing_lines": 1, "excluded_lines": 0, "percent_statements_covered": 75.0, "percent_statements_covered_display": "75"}, "missing_lines": [85], "excluded_lines": [], "start_line": 82}, "ModelExporter.__init__": {"executed_lines": [97, 98], "summary": {"covered_lines": 2, "num_statements": 2, "percent_covered": 100.0, "percent_covered_display": "100", "missing_lines": 0, "excluded_lines": 0, "percent_statements_covered": 100.0, "percent_statements_covered_display": "100"}, "missing_lines": [], "excluded_lines": [], "start_line": 92}, "ModelExporter.export_file": {"executed_lines": [107, 108, 109, 110, 112, 113, 114, 115, 117, 118, 119, 120, 121, 122, 123, 124, 125, 126, 127, 129, 130], "summary": {"covered_lines": 21, "num_statements": 21, "percent_covered": 100.0, "percent_covered_display": "100", "missing_lines": 0, "excluded_lines": 0, "percent_statements_covered": 100.0, "percent_statements_covered_display": "100"}, "missing_lines": [], "excluded_lines": [], "start_line": 100}, "ModelExporter.convert_record": {"executed_lines": [133, 134, 135, 136, 138, 140, 141, 143, 144, 145, 146, 147, 148], "summary": {"covered_lines": 13, "num_statements": 15, "percent_covered": 86.66666666666667, "percent_covered_display": "87", "missing_lines": 2, "excluded_lines": 0, "percent_statements_covered": 86.66666666666667, "percent_statements_covered_display": "87"}, "missing_lines": [139, 149], "excluded_lines": [], "start_line": 132}, "ModelExporter.validate_export": {"executed_lines": [152, 153, 154, 155, 156, 157, 158, 159, 160], "summary": {"covered_lines": 9, "num_statements": 9, "percent_covered": 100.0, "percent_covered_display": "100", "missing_lines": 0, "excluded_lines": 0, "percent_statements_covered": 100.0, "percent_statements_covered_display": "100"}, "missing_lines": [], "excluded_lines": [], "start_line": 151}, "ModelExporter._to_chatml": {"executed_lines": [163, 170, 171, 172], "summary": {"covered_lines": 4, "num_statements": 4, "percent_covered": 100.0, "percent_covered_display": "100", "missing_lines": 0, "excluded_lines": 0, "percent_statements_covered": 100.0, "percent_statements_covered_display": "100"}, "missing_lines": [], "excluded_lines": [], "start_line": 162}, "ModelExporter._to_alpaca": {"executed_lines": [175, 176, 177, 178], "summary": {"covered_lines": 4, "num_statements": 4, "percent_covered": 100.0, "percent_covered_display": "100", "missing_lines": 0, "excluded_lines": 0, "percent_statements_covered": 100.0, "percent_statements_covered_display": "100"}, "missing_lines": [], "excluded_lines": [], "start_line": 174}, "ModelExporter._to_sharegpt": {"executed_lines": [181, 188, 189, 190, 191, 192, 193], "summary": {"covered_lines": 7, "num_statements": 7, "percent_covered": 100.0, "percent_covered_display": "100", "missing_lines": 0, "excluded_lines": 0, "percent_statements_covered": 100.0, "percent_statements_covered_display": "100"}, "missing_lines": [], "excluded_lines": [], "start_line": 180}, "ModelExporter._join_instruction_input": {"executed_lines": [197], "summary": {"covered_lines": 1, "num_statements": 1, "percent_covered": 100.0, "percent_covered_display": "100", "missing_lines": 0, "excluded_lines": 0, "percent_statements_covered": 100.0, "percent_statements_covered_display": "100"}, "missing_lines": [], "excluded_lines": [], "start_line": 196}, "ModelExporter._metadata": {"executed_lines": [201, 213], "summary": {"covered_lines": 2, "num_statements": 2, "percent_covered": 100.0, "percent_covered_display": "100", "missing_lines": 0, "excluded_lines": 0, "percent_statements_covered": 100.0, "percent_statements_covered_display": "100"}, "missing_lines": [], "excluded_lines": [], "start_line": 200}, "ModelExporter._iter_jsonl": {"executed_lines": [217, 218, 220, 221, 225, 226], "summary": {"covered_lines": 6, "num_statements": 11, "percent_covered": 54.54545454545455, "percent_covered_display": "55", "missing_lines": 5, "excluded_lines": 0, "percent_statements_covered": 54.54545454545455, "percent_statements_covered_display": "55"}, "missing_lines": [219, 222, 223, 224, 228], "excluded_lines": [], "start_line": 216}, "ModelExporter._validate_record": {"executed_lines": [231, 232, 233, 234, 235, 236, 237, 239, 240, 242, 243, 244, 246, 248, 250, 251, 252, 253, 255, 256, 258, 259, 261], "summary": {"covered_lines": 23, "num_statements": 32, "percent_covered": 71.875, "percent_covered_display": "72", "missing_lines": 9, "excluded_lines": 0, "percent_statements_covered": 71.875, "percent_statements_covered_display": "72"}, "missing_lines": [238, 241, 245, 247, 249, 254, 257, 260, 262], "excluded_lines": [], "start_line": 230}, "": {"executed_lines": [6, 8, 9, 10, 11, 14, 17, 18, 19, 20, 22, 26, 27, 28, 29, 30, 31, 32, 33, 35, 36, 39, 50, 54, 55, 56, 57, 58, 59, 61, 62, 65, 74, 78, 82, 89, 92, 100, 132, 151, 162, 174, 180, 195, 196, 199, 200, 215, 216, 230], "summary": {"covered_lines": 50, "num_statements": 50, "percent_covered": 100.0, "percent_covered_display": "100", "missing_lines": 0, "excluded_lines": 0, "percent_statements_covered": 100.0, "percent_statements_covered_display": "100"}, "missing_lines": [], "excluded_lines": [], "start_line": 1}}, "classes": {"ExportIssue": {"executed_lines": [], "summary": {"covered_lines": 0, "num_statements": 1, "percent_covered": 0.0, "percent_covered_display": "0", "missing_lines": 1, "excluded_lines": 0, "percent_statements_covered": 0.0, "percent_statements_covered_display": "0"}, "missing_lines": [23], "excluded_lines": [], "start_line": 18}, "ExportStats": {"executed_lines": [37, 40, 51], "summary": {"covered_lines": 3, "num_statements": 3, "percent_covered": 100.0, "percent_covered_display": "100", "missing_lines": 0, "excluded_lines": 0, "percent_statements_covered": 100.0, "percent_statements_covered_display": "100"}, "missing_lines": [], "excluded_lines": [], "start_line": 27}, "ValidationReport": {"executed_lines": [63, 66, 75], "summary": {"covered_lines": 3, "num_statements": 3, "percent_covered": 100.0, "percent_covered_display": "100", "missing_lines": 0, "excluded_lines": 0, "percent_statements_covered": 100.0, "percent_statements_covered_display": "100"}, "missing_lines": [], "excluded_lines": [], "start_line": 55}, "ModelExporter": {"executed_lines": [97, 98, 107, 108, 109, 110, 112, 113, 114, 115, 117, 118, 119, 120, 121, 122, 123, 124, 125, 126, 127, 129, 130, 133, 134, 135, 136, 138, 140, 141, 143, 144, 145, 146, 147, 148, 152, 153, 154, 155, 156, 157, 158, 159, 160, 163, 170, 171, 172, 175, 176, 177, 178, 181, 188, 189, 190, 191, 192, 193, 197, 201, 213, 217, 218, 220, 221, 225, 226, 231, 232, 233, 234, 235, 236, 237, 239, 240, 242, 243, 244, 246, 248, 250, 251, 252, 253, 255, 256, 258, 259, 261], "summary": {"covered_lines": 92, "num_statements": 108, "percent_covered": 85.18518518518519, "percent_covered_display": "85", "missing_lines": 16, "excluded_lines": 0, "percent_statements_covered": 85.18518518518519, "percent_statements_covered_display": "85"}, "missing_lines": [139, 149, 219, 222, 223, 224, 228, 238, 241, 245, 247, 249, 254, 257, 260, 262], "excluded_lines": [], "start_line": 89}, "": {"executed_lines": [6, 8, 9, 10, 11, 14, 17, 18, 19, 20, 22, 26, 27, 28, 29, 30, 31, 32, 33, 35, 36, 39, 50, 54, 55, 56, 57, 58, 59, 61, 62, 65, 74, 78, 79, 82, 83, 84, 86, 89, 92, 100, 132, 151, 162, 174, 180, 195, 196, 199, 200, 215, 216, 230], "summary": {"covered_lines": 54, "num_statements": 55, "percent_covered": 98.18181818181819, "percent_covered_display": "98", "missing_lines": 1, "excluded_lines": 0, "percent_statements_covered": 98.18181818181819, "percent_statements_covered_display": "98"}, "missing_lines": [85], "excluded_lines": [], "start_line": 1}}}, "src/peachtree/github_owned.py": {"executed_lines": [8, 10, 11, 12, 13, 14, 15, 17, 20, 21, 22, 23, 24, 25, 26, 27, 28, 30, 31, 32, 34, 35, 38, 39, 40, 41, 42, 43, 44, 46, 47, 50, 53, 57, 58, 60, 78, 79, 80, 83, 84, 85, 88, 89, 90, 93, 94, 95, 99, 100, 101, 105, 107, 108, 110, 112, 113, 114, 116, 128, 130, 137, 141, 142, 143, 144, 145, 146, 147, 149, 150, 152, 153, 154, 155, 160, 162, 163, 164, 165, 166, 167, 169, 176, 177, 178, 179, 180, 182, 189, 197, 198, 199, 209, 210, 211, 212, 220, 221, 222, 223, 225], "summary": {"covered_lines": 102, "num_statements": 119, "percent_covered": 85.71428571428571, "percent_covered_display": "86", "missing_lines": 17, "excluded_lines": 0, "percent_statements_covered": 85.71428571428571, "percent_statements_covered_display": "86"}, "missing_lines": [65, 66, 68, 69, 70, 71, 73, 74, 75, 76, 81, 86, 91, 97, 103, 106, 148], "excluded_lines": [], "functions": {"OwnedRepo.safe_dir_name": {"executed_lines": [32], "summary": {"covered_lines": 1, "num_statements": 1, "percent_covered": 100.0, "percent_covered_display": "100", "missing_lines": 0, "excluded_lines": 0, "percent_statements_covered": 100.0, "percent_statements_covered_display": "100"}, "missing_lines": [], "excluded_lines": [], "start_line": 31}, "OwnedRepo.to_dict": {"executed_lines": [35], "summary": {"covered_lines": 1, "num_statements": 1, "percent_covered": 100.0, "percent_covered_display": "100", "missing_lines": 0, "excluded_lines": 0, "percent_statements_covered": 100.0, "percent_statements_covered_display": "100"}, "missing_lines": [], "excluded_lines": [], "start_line": 34}, "OwnedRepoPlan.to_json": {"executed_lines": [47], "summary": {"covered_lines": 1, "num_statements": 1, "percent_covered": 100.0, "percent_covered_display": "100", "missing_lines": 0, "excluded_lines": 0, "percent_statements_covered": 100.0, "percent_statements_covered_display": "100"}, "missing_lines": [], "excluded_lines": [], "start_line": 46}, "OwnedGitHubConnector.__init__": {"executed_lines": [58], "summary": {"covered_lines": 1, "num_statements": 1, "percent_covered": 100.0, "percent_covered_display": "100", "missing_lines": 0, "excluded_lines": 0, "percent_statements_covered": 100.0, "percent_statements_covered_display": "100"}, "missing_lines": [], "excluded_lines": [], "start_line": 57}, "OwnedGitHubConnector.list_with_gh": {"executed_lines": [], "summary": {"covered_lines": 0, "num_statements": 10, "percent_covered": 0.0, "percent_covered_display": "0", "missing_lines": 10, "excluded_lines": 0, "percent_statements_covered": 0.0, "percent_statements_covered_display": "0"}, "missing_lines": [65, 66, 68, 69, 70, 71, 73, 74, 75, 76], "excluded_lines": [], "start_line": 60}, "OwnedGitHubConnector.from_gh_json": {"executed_lines": [79, 80, 83, 84, 85, 88, 89, 90, 93, 94, 95, 99, 100, 101, 105, 107, 108, 110, 112, 113, 114, 116, 128], "summary": {"covered_lines": 23, "num_statements": 29, "percent_covered": 79.3103448275862, "percent_covered_display": "79", "missing_lines": 6, "excluded_lines": 0, "percent_statements_covered": 79.3103448275862, "percent_statements_covered_display": "79"}, "missing_lines": [81, 86, 91, 97, 103, 106], "excluded_lines": [], "start_line": 78}, "OwnedGitHubConnector.filter_repos": {"executed_lines": [137, 141, 142, 143, 144, 145, 146, 147, 149, 150], "summary": {"covered_lines": 10, "num_statements": 11, "percent_covered": 90.9090909090909, "percent_covered_display": "91", "missing_lines": 1, "excluded_lines": 0, "percent_statements_covered": 90.9090909090909, "percent_statements_covered_display": "91"}, "missing_lines": [148], "excluded_lines": [], "start_line": 130}, "OwnedGitHubConnector.write_inventory": {"executed_lines": [153, 154, 155, 160], "summary": {"covered_lines": 4, "num_statements": 4, "percent_covered": 100.0, "percent_covered_display": "100", "missing_lines": 0, "excluded_lines": 0, "percent_statements_covered": 100.0, "percent_statements_covered_display": "100"}, "missing_lines": [], "excluded_lines": [], "start_line": 152}, "OwnedGitHubConnector.read_inventory": {"executed_lines": [163, 164, 165, 166, 167], "summary": {"covered_lines": 5, "num_statements": 5, "percent_covered": 100.0, "percent_covered_display": "100", "missing_lines": 0, "excluded_lines": 0, "percent_statements_covered": 100.0, "percent_statements_covered_display": "100"}, "missing_lines": [], "excluded_lines": [], "start_line": 162}, "OwnedGitHubConnector.write_scripts": {"executed_lines": [176, 177, 178, 179, 180, 182, 189, 197, 198, 199, 209, 210, 211, 212, 220, 221, 222, 223, 225], "summary": {"covered_lines": 19, "num_statements": 19, "percent_covered": 100.0, "percent_covered_display": "100", "missing_lines": 0, "excluded_lines": 0, "percent_statements_covered": 100.0, "percent_statements_covered_display": "100"}, "missing_lines": [], "excluded_lines": [], "start_line": 169}, "": {"executed_lines": [8, 10, 11, 12, 13, 14, 15, 17, 20, 21, 22, 23, 24, 25, 26, 27, 28, 30, 31, 34, 38, 39, 40, 41, 42, 43, 44, 46, 50, 53, 57, 60, 78, 130, 152, 162, 169], "summary": {"covered_lines": 37, "num_statements": 37, "percent_covered": 100.0, "percent_covered_display": "100", "missing_lines": 0, "excluded_lines": 0, "percent_statements_covered": 100.0, "percent_statements_covered_display": "100"}, "missing_lines": [], "excluded_lines": [], "start_line": 1}}, "classes": {"OwnedRepo": {"executed_lines": [32, 35], "summary": {"covered_lines": 2, "num_statements": 2, "percent_covered": 100.0, "percent_covered_display": "100", "missing_lines": 0, "excluded_lines": 0, "percent_statements_covered": 100.0, "percent_statements_covered_display": "100"}, "missing_lines": [], "excluded_lines": [], "start_line": 21}, "OwnedRepoPlan": {"executed_lines": [47], "summary": {"covered_lines": 1, "num_statements": 1, "percent_covered": 100.0, "percent_covered_display": "100", "missing_lines": 0, "excluded_lines": 0, "percent_statements_covered": 100.0, "percent_statements_covered_display": "100"}, "missing_lines": [], "excluded_lines": [], "start_line": 39}, "OwnedGitHubConnector": {"executed_lines": [58, 79, 80, 83, 84, 85, 88, 89, 90, 93, 94, 95, 99, 100, 101, 105, 107, 108, 110, 112, 113, 114, 116, 128, 137, 141, 142, 143, 144, 145, 146, 147, 149, 150, 153, 154, 155, 160, 163, 164, 165, 166, 167, 176, 177, 178, 179, 180, 182, 189, 197, 198, 199, 209, 210, 211, 212, 220, 221, 222, 223, 225], "summary": {"covered_lines": 62, "num_statements": 79, "percent_covered": 78.48101265822785, "percent_covered_display": "78", "missing_lines": 17, "excluded_lines": 0, "percent_statements_covered": 78.48101265822785, "percent_statements_covered_display": "78"}, "missing_lines": [65, 66, 68, 69, 70, 71, 73, 74, 75, 76, 81, 86, 91, 97, 103, 106, 148], "excluded_lines": [], "start_line": 50}, "": {"executed_lines": [8, 10, 11, 12, 13, 14, 15, 17, 20, 21, 22, 23, 24, 25, 26, 27, 28, 30, 31, 34, 38, 39, 40, 41, 42, 43, 44, 46, 50, 53, 57, 60, 78, 130, 152, 162, 169], "summary": {"covered_lines": 37, "num_statements": 37, "percent_covered": 100.0, "percent_covered_display": "100", "missing_lines": 0, "excluded_lines": 0, "percent_statements_covered": 100.0, "percent_statements_covered_display": "100"}, "missing_lines": [], "excluded_lines": [], "start_line": 1}}}, "src/peachtree/github_policy.py": {"executed_lines": [1, 3, 6, 7, 8, 9, 10, 11, 12, 14, 15, 16, 17, 18, 19], "summary": {"covered_lines": 15, "num_statements": 16, "percent_covered": 93.75, "percent_covered_display": "94", "missing_lines": 1, "excluded_lines": 0, "percent_statements_covered": 93.75, "percent_statements_covered_display": "94"}, "missing_lines": [20], "excluded_lines": [], "functions": {"GitHubCollectionPolicy.validate_public_collection": {"executed_lines": [15, 16, 17, 18, 19], "summary": {"covered_lines": 5, "num_statements": 6, "percent_covered": 83.33333333333333, "percent_covered_display": "83", "missing_lines": 1, "excluded_lines": 0, "percent_statements_covered": 83.33333333333333, "percent_statements_covered_display": "83"}, "missing_lines": [20], "excluded_lines": [], "start_line": 14}, "": {"executed_lines": [1, 3, 6, 7, 8, 9, 10, 11, 12, 14], "summary": {"covered_lines": 10, "num_statements": 10, "percent_covered": 100.0, "percent_covered_display": "100", "missing_lines": 0, "excluded_lines": 0, "percent_statements_covered": 100.0, "percent_statements_covered_display": "100"}, "missing_lines": [], "excluded_lines": [], "start_line": 1}}, "classes": {"GitHubCollectionPolicy": {"executed_lines": [15, 16, 17, 18, 19], "summary": {"covered_lines": 5, "num_statements": 6, "percent_covered": 83.33333333333333, "percent_covered_display": "83", "missing_lines": 1, "excluded_lines": 0, "percent_statements_covered": 83.33333333333333, "percent_statements_covered_display": "83"}, "missing_lines": [20], "excluded_lines": [], "start_line": 7}, "": {"executed_lines": [1, 3, 6, 7, 8, 9, 10, 11, 12, 14], "summary": {"covered_lines": 10, "num_statements": 10, "percent_covered": 100.0, "percent_covered_display": "100", "missing_lines": 0, "excluded_lines": 0, "percent_statements_covered": 100.0, "percent_statements_covered_display": "100"}, "missing_lines": [], "excluded_lines": [], "start_line": 1}}}, "src/peachtree/license_gate.py": {"executed_lines": [6, 8, 9, 10, 11, 12, 15, 29, 46, 47, 48, 49, 50, 51, 52, 53, 55, 56, 59, 60, 61, 62, 63, 64, 65, 66, 67, 68, 69, 70, 72, 73, 74, 76, 77, 89, 90, 91, 93, 94, 96, 127, 130, 136, 137, 138, 140, 141, 142, 143, 144, 146, 147, 148, 150, 151, 152, 153, 154, 155, 157, 158, 159, 160, 161, 162, 164, 165, 166, 167, 168, 169, 170, 171, 172, 173, 179, 190, 203, 204, 215, 216, 217, 218, 231, 233, 234, 235, 237, 238, 239, 241, 242, 245, 246, 247], "summary": {"covered_lines": 96, "num_statements": 122, "percent_covered": 78.68852459016394, "percent_covered_display": "79", "missing_lines": 26, "excluded_lines": 0, "percent_statements_covered": 78.68852459016394, "percent_statements_covered_display": "79"}, "missing_lines": [97, 112, 113, 115, 116, 117, 118, 120, 121, 124, 175, 176, 177, 205, 206, 207, 208, 209, 210, 211, 212, 213, 236, 240, 243, 244], "excluded_lines": [], "functions": {"LicenseFinding.to_dict": {"executed_lines": [56], "summary": {"covered_lines": 1, "num_statements": 1, "percent_covered": 100.0, "percent_covered_display": "100", "missing_lines": 0, "excluded_lines": 0, "percent_statements_covered": 100.0, "percent_statements_covered_display": "100"}, "missing_lines": [], "excluded_lines": [], "start_line": 55}, "LicenseGateReport.passed": {"executed_lines": [74], "summary": {"covered_lines": 1, "num_statements": 1, "percent_covered": 100.0, "percent_covered_display": "100", "missing_lines": 0, "excluded_lines": 0, "percent_statements_covered": 100.0, "percent_statements_covered_display": "100"}, "missing_lines": [], "excluded_lines": [], "start_line": 73}, "LicenseGateReport.to_dict": {"executed_lines": [77, 89, 90, 91], "summary": {"covered_lines": 4, "num_statements": 4, "percent_covered": 100.0, "percent_covered_display": "100", "missing_lines": 0, "excluded_lines": 0, "percent_statements_covered": 100.0, "percent_statements_covered_display": "100"}, "missing_lines": [], "excluded_lines": [], "start_line": 76}, "LicenseGateReport.to_json": {"executed_lines": [94], "summary": {"covered_lines": 1, "num_statements": 1, "percent_covered": 100.0, "percent_covered_display": "100", "missing_lines": 0, "excluded_lines": 0, "percent_statements_covered": 100.0, "percent_statements_covered_display": "100"}, "missing_lines": [], "excluded_lines": [], "start_line": 93}, "LicenseGateReport.to_markdown": {"executed_lines": [], "summary": {"covered_lines": 0, "num_statements": 10, "percent_covered": 0.0, "percent_covered_display": "0", "missing_lines": 10, "excluded_lines": 0, "percent_statements_covered": 0.0, "percent_statements_covered_display": "0"}, "missing_lines": [97, 112, 113, 115, 116, 117, 118, 120, 121, 124], "excluded_lines": [], "start_line": 96}, "LicenseGate.__init__": {"executed_lines": [136, 137, 138], "summary": {"covered_lines": 3, "num_statements": 3, "percent_covered": 100.0, "percent_covered_display": "100", "missing_lines": 0, "excluded_lines": 0, "percent_statements_covered": 100.0, "percent_statements_covered_display": "100"}, "missing_lines": [], "excluded_lines": [], "start_line": 130}, "LicenseGate.evaluate": {"executed_lines": [141, 142, 143, 144, 146, 147, 148, 150, 151, 152, 153, 154, 155, 157, 158, 159, 160, 161, 162, 164, 165, 166, 167, 168, 169, 170, 171, 172, 173, 179, 190], "summary": {"covered_lines": 31, "num_statements": 34, "percent_covered": 91.17647058823529, "percent_covered_display": "91", "missing_lines": 3, "excluded_lines": 0, "percent_statements_covered": 91.17647058823529, "percent_statements_covered_display": "91"}, "missing_lines": [175, 176, 177], "excluded_lines": [], "start_line": 140}, "LicenseGate.write_report": {"executed_lines": [], "summary": {"covered_lines": 0, "num_statements": 9, "percent_covered": 0.0, "percent_covered_display": "0", "missing_lines": 9, "excluded_lines": 0, "percent_statements_covered": 0.0, "percent_statements_covered_display": "0"}, "missing_lines": [205, 206, 207, 208, 209, 210, 211, 212, 213], "excluded_lines": [], "start_line": 204}, "LicenseGate._normalize": {"executed_lines": [217, 218, 231], "summary": {"covered_lines": 3, "num_statements": 3, "percent_covered": 100.0, "percent_covered_display": "100", "missing_lines": 0, "excluded_lines": 0, "percent_statements_covered": 100.0, "percent_statements_covered_display": "100"}, "missing_lines": [], "excluded_lines": [], "start_line": 216}, "LicenseGate._read_jsonl": {"executed_lines": [235, 237, 238, 239, 241, 242, 245, 246, 247], "summary": {"covered_lines": 9, "num_statements": 13, "percent_covered": 69.23076923076923, "percent_covere
[...]
nes": [6, 8, 9, 10, 11, 14, 15, 16, 17, 18, 19, 20, 21, 22, 23, 25, 29, 30, 31, 32, 33, 34, 35, 36, 38, 41, 44, 66, 69, 87, 103, 127, 128], "summary": {"covered_lines": 33, "num_statements": 33, "percent_covered": 100.0, "percent_covered_display": "100", "missing_lines": 0, "excluded_lines": 0, "percent_statements_covered": 100.0, "percent_statements_covered_display": "100"}, "missing_lines": [], "excluded_lines": [], "start_line": 1}}, "classes": {"DatasetUpdateTarget": {"executed_lines": [], "summary": {"covered_lines": 0, "num_statements": 1, "percent_covered": 0.0, "percent_covered_display": "0", "missing_lines": 1, "excluded_lines": 0, "percent_statements_covered": 0.0, "percent_statements_covered_display": "0"}, "missing_lines": [26], "excluded_lines": [], "start_line": 15}, "ScheduledUpdatePlan": {"executed_lines": [39, 42, 45, 59, 60, 63], "summary": {"covered_lines": 6, "num_statements": 6, "percent_covered": 100.0, "percent_covered_display": "100", "missing_lines": 0, "excluded_lines": 0, "percent_statements_covered": 100.0, "percent_statements_covered_display": "100"}, "missing_lines": [], "excluded_lines": [], "start_line": 30}, "UpdatePlanBuilder": {"executed_lines": [70, 71, 80, 93, 94, 95, 96, 97, 98, 99, 100, 101, 104, 105, 118, 129, 130, 131, 138, 139, 142, 145], "summary": {"covered_lines": 22, "num_statements": 22, "percent_covered": 100.0, "percent_covered_display": "100", "missing_lines": 0, "excluded_lines": 0, "percent_statements_covered": 100.0, "percent_statements_covered_display": "100"}, "missing_lines": [], "excluded_lines": [], "start_line": 66}, "": {"executed_lines": [6, 8, 9, 10, 11, 14, 15, 16, 17, 18, 19, 20, 21, 22, 23, 25, 29, 30, 31, 32, 33, 34, 35, 36, 38, 41, 44, 66, 69, 87, 103, 127, 128], "summary": {"covered_lines": 33, "num_statements": 33, "percent_covered": 100.0, "percent_covered_display": "100", "missing_lines": 0, "excluded_lines": 0, "percent_statements_covered": 100.0, "percent_statements_covered_display": "100"}, "missing_lines": [], "excluded_lines": [], "start_line": 1}}}, "src/peachtree/signing.py": {"executed_lines": [7, 9, 10, 11, 12, 13, 14, 15, 17, 20, 21, 22, 23, 24, 25, 26, 27, 28, 30, 31, 33, 34, 37, 38, 39, 40, 41, 42, 43, 44, 46, 47, 48, 50, 51, 52, 53, 55, 56, 59, 62, 64, 71, 72, 73, 74, 84, 85, 86, 87, 88, 90, 97, 98, 100, 101, 102, 103, 104, 105, 106, 107, 108, 117, 118, 119], "summary": {"covered_lines": 66, "num_statements": 66, "percent_covered": 100.0, "percent_covered_display": "100", "missing_lines": 0, "excluded_lines": 0, "percent_statements_covered": 100.0, "percent_statements_covered_display": "100"}, "missing_lines": [], "excluded_lines": [], "functions": {"SignatureEnvelope.to_dict": {"executed_lines": [31], "summary": {"covered_lines": 1, "num_statements": 1, "percent_covered": 100.0, "percent_covered_display": "100", "missing_lines": 0, "excluded_lines": 0, "percent_statements_covered": 100.0, "percent_statements_covered_display": "100"}, "missing_lines": [], "excluded_lines": [], "start_line": 30}, "SignatureEnvelope.to_json": {"executed_lines": [34], "summary": {"covered_lines": 1, "num_statements": 1, "percent_covered": 100.0, "percent_covered_display": "100", "missing_lines": 0, "excluded_lines": 0, "percent_statements_covered": 100.0, "percent_statements_covered_display": "100"}, "missing_lines": [], "excluded_lines": [], "start_line": 33}, "SignatureVerification.valid": {"executed_lines": [48], "summary": {"covered_lines": 1, "num_statements": 1, "percent_covered": 100.0, "percent_covered_display": "100", "missing_lines": 0, "excluded_lines": 0, "percent_statements_covered": 100.0, "percent_statements_covered_display": "100"}, "missing_lines": [], "excluded_lines": [], "start_line": 47}, "SignatureVerification.to_dict": {"executed_lines": [51, 52, 53], "summary": {"covered_lines": 3, "num_statements": 3, "percent_covered": 100.0, "percent_covered_display": "100", "missing_lines": 0, "excluded_lines": 0, "percent_statements_covered": 100.0, "percent_statements_covered_display": "100"}, "missing_lines": [], "excluded_lines": [], "start_line": 50}, "SignatureVerification.to_json": {"executed_lines": [56], "summary": {"covered_lines": 1, "num_statements": 1, "percent_covered": 100.0, "percent_covered_display": "100", "missing_lines": 0, "excluded_lines": 0, "percent_statements_covered": 100.0, "percent_statements_covered_display": "100"}, "missing_lines": [], "excluded_lines": [], "start_line": 55}, "ArtifactSigner.sign_file": {"executed_lines": [71, 72, 73, 74], "summary": {"covered_lines": 4, "num_statements": 4, "percent_covered": 100.0, "percent_covered_display": "100", "missing_lines": 0, "excluded_lines": 0, "percent_statements_covered": 100.0, "percent_statements_covered_display": "100"}, "missing_lines": [], "excluded_lines": [], "start_line": 64}, "ArtifactSigner.write_signature": {"executed_lines": [85, 86, 87, 88], "summary": {"covered_lines": 4, "num_statements": 4, "percent_covered": 100.0, "percent_covered_display": "100", "missing_lines": 0, "excluded_lines": 0, "percent_statements_covered": 100.0, "percent_statements_covered_display": "100"}, "missing_lines": [], "excluded_lines": [], "start_line": 84}, "ArtifactSigner.sign_file_to_path": {"executed_lines": [97, 98], "summary": {"covered_lines": 2, "num_statements": 2, "percent_covered": 100.0, "percent_covered_display": "100", "missing_lines": 0, "excluded_lines": 0, "percent_statements_covered": 100.0, "percent_statements_covered_display": "100"}, "missing_lines": [], "excluded_lines": [], "start_line": 90}, "ArtifactSigner.verify_file": {"executed_lines": [101, 102, 103, 104, 105, 106, 107, 108], "summary": {"covered_lines": 8, "num_statements": 8, "percent_covered": 100.0, "percent_covered_display": "100", "missing_lines": 0, "excluded_lines": 0, "percent_statements_covered": 100.0, "percent_statements_covered_display": "100"}, "missing_lines": [], "excluded_lines": [], "start_line": 100}, "ArtifactSigner._sign_digest": {"executed_lines": [119], "summary": {"covered_lines": 1, "num_statements": 1, "percent_covered": 100.0, "percent_covered_display": "100", "missing_lines": 0, "excluded_lines": 0, "percent_statements_covered": 100.0, "percent_statements_covered_display": "100"}, "missing_lines": [], "excluded_lines": [], "start_line": 118}, "": {"executed_lines": [7, 9, 10, 11, 12, 13, 14, 15, 17, 20, 21, 22, 23, 24, 25, 26, 27, 28, 30, 33, 37, 38, 39, 40, 41, 42, 43, 44, 46, 47, 50, 55, 59, 62, 64, 84, 90, 100, 117, 118], "summary": {"covered_lines": 40, "num_statements": 40, "percent_covered": 100.0, "percent_covered_display": "100", "missing_lines": 0, "excluded_lines": 0, "percent_statements_covered": 100.0, "percent_statements_covered_display": "100"}, "missing_lines": [], "excluded_lines": [], "start_line": 1}}, "classes": {"SignatureEnvelope": {"executed_lines": [31, 34], "summary": {"covered_lines": 2, "num_statements": 2, "percent_covered": 100.0, "percent_covered_display": "100", "missing_lines": 0, "excluded_lines": 0, "percent_statements_covered": 100.0, "percent_statements_covered_display": "100"}, "missing_lines": [], "excluded_lines": [], "start_line": 21}, "SignatureVerification": {"executed_lines": [48, 51, 52, 53, 56], "summary": {"covered_lines": 5, "num_statements": 5, "percent_covered": 100.0, "percent_covered_display": "100", "missing_lines": 0, "excluded_lines": 0, "percent_statements_covered": 100.0, "percent_statements_covered_display": "100"}, "missing_lines": [], "excluded_lines": [], "start_line": 38}, "ArtifactSigner": {"executed_lines": [71, 72, 73, 74, 85, 86, 87, 88, 97, 98, 101, 102, 103, 104, 105, 106, 107, 108, 119], "summary": {"covered_lines": 19, "num_statements": 19, "percent_covered": 100.0, "percent_covered_display": "100", "missing_lines": 0, "excluded_lines": 0, "percent_statements_covered": 100.0, "percent_statements_covered_display": "100"}, "missing_lines": [], "excluded_lines": [], "start_line": 59}, "": {"executed_lines": [7, 9, 10, 11, 12, 13, 14, 15, 17, 20, 21, 22, 23, 24, 25, 26, 27, 28, 30, 33, 37, 38, 39, 40, 41, 42, 43, 44, 46, 47, 50, 55, 59, 62, 64, 84, 90, 100, 117, 118], "summary": {"covered_lines": 40, "num_statements": 40, "percent_covered": 100.0, "percent_covered_display": "100", "missing_lines": 0, "excluded_lines": 0, "percent_statements_covered": 100.0, "percent_statements_covered_display": "100"}, "missing_lines": [], "excluded_lines": [], "start_line": 1}}}, "src/peachtree/trainer_handoff.py": {"executed_lines": [6, 8, 9, 10, 11, 12, 14, 17, 18, 19, 20, 21, 22, 23, 24, 26, 27, 30, 31, 32, 33, 34, 35, 36, 37, 38, 39, 40, 42, 43, 44, 46, 47, 60, 61, 63, 64, 79, 80, 83, 84, 85, 86, 89, 92, 103, 119, 122, 131, 132, 133, 135, 147, 153, 154, 155, 156, 157, 158, 159, 160, 161, 163, 164, 165, 166, 170, 179, 180, 181], "summary": {"covered_lines": 70, "num_statements": 73, "percent_covered": 95.89041095890411, "percent_covered_display": "96", "missing_lines": 3, "excluded_lines": 0, "percent_statements_covered": 95.89041095890411, "percent_statements_covered_display": "96"}, "missing_lines": [167, 168, 169], "excluded_lines": [], "functions": {"HandoffArtifact.to_dict": {"executed_lines": [27], "summary": {"covered_lines": 1, "num_statements": 1, "percent_covered": 100.0, "percent_covered_display": "100", "missing_lines": 0, "excluded_lines": 0, "percent_statements_covered": 100.0, "percent_statements_covered_display": "100"}, "missing_lines": [], "excluded_lines": [], "start_line": 26}, "TrainerHandoffManifest.artifact_count": {"executed_lines": [44], "summary": {"covered_lines": 1, "num_statements": 1, "percent_covered": 100.0, "percent_covered_display": "100", "missing_lines": 0, "excluded_lines": 0, "percent_statements_covered": 100.0, "percent_statements_covered_display": "100"}, "missing_lines": [], "excluded_lines": [], "start_line": 43}, "TrainerHandoffManifest.to_dict": {"executed_lines": [47], "summary": {"covered_lines": 1, "num_statements": 1, "percent_covered": 100.0, "percent_covered_display": "100", "missing_lines": 0, "excluded_lines": 0, "percent_statements_covered": 100.0, "percent_statements_covered_display": "100"}, "missing_lines": [], "excluded_lines": [], "start_line": 46}, "TrainerHandoffManifest.to_json": {"executed_lines": [61], "summary": {"covered_lines": 1, "num_statements": 1, "percent_covered": 100.0, "percent_covered_display": "100", "missing_lines": 0, "excluded_lines": 0, "percent_statements_covered": 100.0, "percent_statements_covered_display": "100"}, "missing_lines": [], "excluded_lines": [], "start_line": 60}, "TrainerHandoffManifest.to_markdown": {"executed_lines": [64, 79, 80, 83, 84, 85, 86], "summary": {"covered_lines": 7, "num_statements": 7, "percent_covered": 100.0, "percent_covered_display": "100", "missing_lines": 0, "excluded_lines": 0, "percent_statements_covered": 100.0, "percent_statements_covered_display": "100"}, "missing_lines": [], "excluded_lines": [], "start_line": 63}, "TrainerHandoffBuilder.build": {"executed_lines": [119, 122, 131, 132, 133, 135], "summary": {"covered_lines": 6, "num_statements": 6, "percent_covered": 100.0, "percent_covered_display": "100", "missing_lines": 0, "excluded_lines": 0, "percent_statements_covered": 100.0, "percent_statements_covered_display": "100"}, "missing_lines": [], "excluded_lines": [], "start_line": 103}, "TrainerHandoffBuilder.write": {"executed_lines": [153, 154, 155, 156, 157, 158, 159, 160, 161], "summary": {"covered_lines": 9, "num_statements": 9, "percent_covered": 100.0, "percent_covered_display": "100", "missing_lines": 0, "excluded_lines": 0, "percent_statements_covered": 100.0, "percent_statements_covered_display": "100"}, "missing_lines": [], "excluded_lines": [], "start_line": 147}, "TrainerHandoffBuilder._artifact": {"executed_lines": [165, 166, 170], "summary": {"covered_lines": 3, "num_statements": 6, "percent_covered": 50.0, "percent_covered_display": "50", "missing_lines": 3, "excluded_lines": 0, "percent_statements_covered": 50.0, "percent_statements_covered_display": "50"}, "missing_lines": [167, 168, 169], "excluded_lines": [], "start_line": 164}, "TrainerHandoffBuilder.safety": {"executed_lines": [181], "summary": {"covered_lines": 1, "num_statements": 1, "percent_covered": 100.0, "percent_covered_display": "100", "missing_lines": 0, "excluded_lines": 0, "percent_statements_covered": 100.0, "percent_statements_covered_display": "100"}, "missing_lines": [], "excluded_lines": [], "start_line": 180}, "": {"executed_lines": [6, 8, 9, 10, 11, 12, 14, 17, 18, 19, 20, 21, 22, 23, 24, 26, 30, 31, 32, 33, 34, 35, 36, 37, 38, 39, 40, 42, 43, 46, 60, 63, 89, 92, 103, 147, 163, 164, 179, 180], "summary": {"covered_lines": 40, "num_statements": 40, "percent_covered": 100.0, "percent_covered_display": "100", "missing_lines": 0, "excluded_lines": 0, "percent_statements_covered": 100.0, "percent_statements_covered_display": "100"}, "missing_lines": [], "excluded_lines": [], "start_line": 1}}, "classes": {"HandoffArtifact": {"executed_lines": [27], "summary": {"covered_lines": 1, "num_statements": 1, "percent_covered": 100.0, "percent_covered_display": "100", "missing_lines": 0, "excluded_lines": 0, "percent_statements_covered": 100.0, "percent_statements_covered_display": "100"}, "missing_lines": [], "excluded_lines": [], "start_line": 18}, "TrainerHandoffManifest": {"executed_lines": [44, 47, 61, 64, 79, 80, 83, 84, 85, 86], "summary": {"covered_lines": 10, "num_statements": 10, "percent_covered": 100.0, "percent_covered_display": "100", "missing_lines": 0, "excluded_lines": 0, "percent_statements_covered": 100.0, "percent_statements_covered_display": "100"}, "missing_lines": [], "excluded_lines": [], "start_line": 31}, "TrainerHandoffBuilder": {"executed_lines": [119, 122, 131, 132, 133, 135, 153, 154, 155, 156, 157, 158, 159, 160, 161, 165, 166, 170, 181], "summary": {"covered_lines": 19, "num_statements": 22, "percent_covered": 86.36363636363636, "percent_covered_display": "86", "missing_lines": 3, "excluded_lines": 0, "percent_statements_covered": 86.36363636363636, "percent_statements_covered_display": "86"}, "missing_lines": [167, 168, 169], "excluded_lines": [], "start_line": 89}, "": {"executed_lines": [6, 8, 9, 10, 11, 12, 14, 17, 18, 19, 20, 21, 22, 23, 24, 26, 30, 31, 32, 33, 34, 35, 36, 37, 38, 39, 40, 42, 43, 46, 60, 63, 89, 92, 103, 147, 163, 164, 179, 180], "summary": {"covered_lines": 40, "num_statements": 40, "percent_covered": 100.0, "percent_covered_display": "100", "missing_lines": 0, "excluded_lines": 0, "percent_statements_covered": 100.0, "percent_statements_covered_display": "100"}, "missing_lines": [], "excluded_lines": [], "start_line": 1}}}, "src/peachtree/training_plan.py": {"executed_lines": [6, 8, 9, 10, 11, 12, 14, 17, 18, 19, 20, 21, 22, 23, 24, 25, 27, 28, 30, 31, 33, 34, 44, 45, 46, 47, 48, 49, 50, 53, 56, 57, 58, 87, 88, 89, 90, 91, 92, 93, 94, 95, 96, 98, 99, 100, 101, 102, 116, 117, 118, 119, 132, 133], "summary": {"covered_lines": 54, "num_statements": 65, "percent_covered": 83.07692307692308, "percent_covered_display": "83", "missing_lines": 11, "excluded_lines": 0, "percent_statements_covered": 83.07692307692308, "percent_statements_covered_display": "83"}, "missing_lines": [134, 135, 136, 137, 138, 139, 140, 141, 142, 143, 144], "excluded_lines": [], "functions": {"DryRunTrainingPlan.to_dict": {"executed_lines": [28], "summary": {"covered_lines": 1, "num_statements": 1, "percent_covered": 100.0, "percent_covered_display": "100", "missing_lines": 0, "excluded_lines": 0, "percent_statements_covered": 100.0, "percent_statements_covered_display": "100"}, "missing_lines": [], "excluded_lines": [], "start_line": 27}, "DryRunTrainingPlan.to_json": {"executed_lines": [31], "summary": {"covered_lines": 1, "num_statements": 1, "percent_covered": 100.0, "percent_covered_display": "100", "missing_lines": 0, "excluded_lines": 0, "percent_statements_covered": 100.0, "percent_statements_covered_display": "100"}, "missing_lines": [], "excluded_lines": [], "start_line": 30}, "DryRunTrainingPlan.to_markdown": {"executed_lines": [34, 44, 45, 46, 47, 48, 49, 50], "summary": {"covered_lines": 8, "num_statements": 8, "percent_covered": 100.0, "percent_covered_display": "100", "missing_lines": 0, "excluded_lines": 0, "percent_statements_covered": 100.0, "percent_statements_covered_display": "100"}, "missing_lines": [], "excluded_lines": [], "start_line": 33}, "DryRunTrainingPlanner.build": {"executed_lines": [57, 58], "summary": {"covered_lines": 2, "num_statements": 2, "percent_covered": 100.0, "percent_covered_display": "100", "missing_lines": 0, "excluded_lines": 0, "percent_statements_covered": 100.0, "percent_statements_covered_display": "100"}, "missing_lines": [], "excluded_lines": [], "start_line": 56}, "DryRunTrainingPlanner.write": {"executed_lines": [88, 89, 90, 91, 92, 93, 94, 95, 96], "summary": {"covered_lines": 9, "num_statements": 9, "percent_covered": 100.0, "percent_covered_display": "100", "missing_lines": 0, "excluded_lines": 0, "percent_statements_covered": 100.0, "percent_statements_covered_display": "100"}, "missing_lines": [], "excluded_lines": [], "start_line": 87}, "DryRunTrainingPlanner.read_job_card": {"executed_lines": [100, 101, 102], "summary": {"covered_lines": 3, "num_statements": 3, "percent_covered": 100.0, "percent_covered_display": "100", "missing_lines": 0, "excluded_lines": 0, "percent_statements_covered": 100.0, "percent_statements_covered_display": "100"}, "missing_lines": [], "excluded_lines": [], "start_line": 99}, "DryRunTrainingPlanner._commands": {"executed_lines": [118, 119, 132, 133], "summary": {"covered_lines": 4, "num_statements": 15, "percent_covered": 26.666666666666668, "percent_covered_display": "27", "missing_lines": 11, "excluded_lines": 0, "percent_statements_covered": 26.666666666666668, "percent_statements_covered_display": "27"}, "missing_lines": [134, 135, 136, 137, 138, 139, 140, 141, 142, 143, 144], "excluded_lines": [], "start_line": 117}, "": {"executed_lines": [6, 8, 9, 10, 11, 12, 14, 17, 18, 19, 20, 21, 22, 23, 24, 25, 27, 30, 33, 53, 56, 87, 98, 99, 116, 117], "summary": {"covered_lines": 26, "num_statements": 26, "percent_covered": 100.0, "percent_covered_display": "100", "missing_lines": 0, "excluded_lines": 0, "percent_statements_covered": 100.0, "percent_statements_covered_display": "100"}, "missing_lines": [], "excluded_lines": [], "start_line": 1}}, "classes": {"DryRunTrainingPlan": {"executed_lines": [28, 31, 34, 44, 45, 46, 47, 48, 49, 50], "summary": {"covered_lines": 10, "num_statements": 10, "percent_covered": 100.0, "percent_covered_display": "100", "missing_lines": 0, "excluded_lines": 0, "percent_statements_covered": 100.0, "percent_statements_covered_display": "100"}, "missing_lines": [], "excluded_lines": [], "start_line": 18}, "DryRunTrainingPlanner": {"executed_lines": [57, 58, 88, 89, 90, 91, 92, 93, 94, 95, 96, 100, 101, 102, 118, 119, 132, 133], "summary": {"covered_lines": 18, "num_statements": 29, "percent_covered": 62.06896551724138, "percent_covered_display": "62", "missing_lines": 11, "excluded_lines": 0, "percent_statements_covered": 62.06896551724138, "percent_statements_covered_display": "62"}, "missing_lines": [134, 135, 136, 137, 138, 139, 140, 141, 142, 143, 144], "excluded_lines": [], "start_line": 53}, "": {"executed_lines": [6, 8, 9, 10, 11, 12, 14, 17, 18, 19, 20, 21, 22, 23, 24, 25, 27, 30, 33, 53, 56, 87, 98, 99, 116, 117], "summary": {"covered_lines": 26, "num_statements": 26, "percent_covered": 100.0, "percent_covered_display": "100", "missing_lines": 0, "excluded_lines": 0, "percent_statements_covered": 100.0, "percent_statements_covered_display": "100"}, "missing_lines": [], "excluded_lines": [], "start_line": 1}}}}, "totals": {"covered_lines": 2408, "num_statements": 2635, "percent_covered": 91.38519924098672, "percent_covered_display": "91", "missing_lines": 227, "excluded_lines": 0, "percent_statements_covered": 91.38519924098672, "percent_statements_covered_display": "91"}}